TN:
SF:src\App.tsx
FN:10,(anonymous_0)
FN:11,(anonymous_1)
FN:12,(anonymous_2)
FN:15,(anonymous_3)
FN:16,(anonymous_4)
FN:17,(anonymous_5)
FN:18,(anonymous_6)
FN:19,(anonymous_7)
FN:20,(anonymous_8)
FN:21,(anonymous_9)
FN:22,(anonymous_10)
FN:23,(anonymous_11)
FN:24,(anonymous_12)
FN:25,(anonymous_13)
FN:26,(anonymous_14)
FN:27,(anonymous_15)
FN:28,(anonymous_16)
FN:29,(anonymous_17)
FN:30,(anonymous_18)
FN:31,(anonymous_19)
FN:32,(anonymous_20)
FN:33,(anonymous_21)
FN:36,(anonymous_22)
FN:37,(anonymous_23)
FN:38,(anonymous_24)
FN:39,(anonymous_25)
FN:40,(anonymous_26)
FN:41,(anonymous_27)
FN:42,(anonymous_28)
FN:43,(anonymous_29)
FN:44,(anonymous_30)
FN:45,(anonymous_31)
FN:46,(anonymous_32)
FN:47,(anonymous_33)
FN:48,(anonymous_34)
FN:49,(anonymous_35)
FN:53,PrivateRoute
FN:57,(anonymous_37)
FN:87,PendingRoute
FN:101,AppRoutes
FN:171,ErrorFallback
FN:178,(anonymous_41)
FN:189,App
FNF:43
FNH:0
FNDA:0,(anonymous_0)
FNDA:0,(anonymous_1)
FNDA:0,(anonymous_2)
FNDA:0,(anonymous_3)
FNDA:0,(anonymous_4)
FNDA:0,(anonymous_5)
FNDA:0,(anonymous_6)
FNDA:0,(anonymous_7)
FNDA:0,(anonymous_8)
FNDA:0,(anonymous_9)
FNDA:0,(anonymous_10)
FNDA:0,(anonymous_11)
FNDA:0,(anonymous_12)
FNDA:0,(anonymous_13)
FNDA:0,(anonymous_14)
FNDA:0,(anonymous_15)
FNDA:0,(anonymous_16)
FNDA:0,(anonymous_17)
FNDA:0,(anonymous_18)
FNDA:0,(anonymous_19)
FNDA:0,(anonymous_20)
FNDA:0,(anonymous_21)
FNDA:0,(anonymous_22)
FNDA:0,(anonymous_23)
FNDA:0,(anonymous_24)
FNDA:0,(anonymous_25)
FNDA:0,(anonymous_26)
FNDA:0,(anonymous_27)
FNDA:0,(anonymous_28)
FNDA:0,(anonymous_29)
FNDA:0,(anonymous_30)
FNDA:0,(anonymous_31)
FNDA:0,(anonymous_32)
FNDA:0,(anonymous_33)
FNDA:0,(anonymous_34)
FNDA:0,(anonymous_35)
FNDA:0,PrivateRoute
FNDA:0,(anonymous_37)
FNDA:0,PendingRoute
FNDA:0,AppRoutes
FNDA:0,ErrorFallback
FNDA:0,(anonymous_41)
FNDA:0,App
DA:10,0
DA:11,0
DA:12,0
DA:15,0
DA:16,0
DA:17,0
DA:18,0
DA:19,0
DA:20,0
DA:21,0
DA:22,0
DA:23,0
DA:24,0
DA:25,0
DA:26,0
DA:27,0
DA:28,0
DA:29,0
DA:30,0
DA:31,0
DA:32,0
DA:33,0
DA:36,0
DA:37,0
DA:38,0
DA:39,0
DA:40,0
DA:41,0
DA:42,0
DA:43,0
DA:44,0
DA:45,0
DA:46,0
DA:47,0
DA:48,0
DA:49,0
DA:54,0
DA:55,0
DA:57,0
DA:58,0
DA:59,0
DA:60,0
DA:64,0
DA:65,0
DA:68,0
DA:69,0
DA:72,0
DA:73,0
DA:76,0
DA:77,0
DA:80,0
DA:81,0
DA:84,0
DA:88,0
DA:90,0
DA:92,0
DA:94,0
DA:95,0
DA:98,0
DA:102,0
DA:172,0
DA:178,0
DA:190,0
LF:63
LH:0
BRDA:53,0,0,0
BRDA:58,1,0,0
BRDA:58,1,1,0
BRDA:58,2,0,0
BRDA:58,2,1,0
BRDA:58,2,2,0
BRDA:58,2,3,0
BRDA:64,3,0,0
BRDA:64,3,1,0
BRDA:68,4,0,0
BRDA:68,4,1,0
BRDA:72,5,0,0
BRDA:72,5,1,0
BRDA:76,6,0,0
BRDA:76,6,1,0
BRDA:80,7,0,0
BRDA:80,7,1,0
BRDA:80,8,0,0
BRDA:80,8,1,0
BRDA:90,9,0,0
BRDA:90,9,1,0
BRDA:92,10,0,0
BRDA:92,10,1,0
BRDA:94,11,0,0
BRDA:94,11,1,0
BRDA:94,12,0,0
BRDA:94,12,1,0
BRF:27
BRH:0
end_of_record
TN:
SF:src\main.tsx
FNF:0
FNH:0
DA:9,0
DA:11,0
DA:13,0
LF:3
LH:0
BRF:0
BRH:0
end_of_record
TN:
SF:src\service-worker.ts
FN:21,(anonymous_0)
FN:31,(anonymous_1)
FN:56,(anonymous_2)
FN:60,(anonymous_3)
FNF:4
FNH:0
FNDA:0,(anonymous_0)
FNDA:0,(anonymous_1)
FNDA:0,(anonymous_2)
FNDA:0,(anonymous_3)
DA:7,0
DA:8,0
DA:10,0
DA:14,0
DA:15,0
DA:17,0
DA:21,0
DA:22,0
DA:23,0
DA:24,0
DA:27,0
DA:31,0
DA:32,0
DA:34,0
DA:35,0
DA:37,0
DA:38,0
DA:48,0
DA:52,0
DA:56,0
DA:57,0
DA:59,0
DA:61,0
DA:62,0
DA:63,0
DA:64,0
DA:65,0
DA:68,0
DA:70,0
LF:29
LH:0
BRDA:23,0,0,0
BRDA:23,0,1,0
BRDA:23,1,0,0
BRDA:23,1,1,0
BRDA:32,2,0,0
BRDA:32,2,1,0
BRDA:37,3,0,0
BRDA:37,3,1,0
BRDA:39,4,0,0
BRDA:39,4,1,0
BRDA:43,5,0,0
BRDA:43,5,1,0
BRDA:61,6,0,0
BRDA:61,6,1,0
BRDA:64,7,0,0
BRDA:64,7,1,0
BRF:16
BRH:0
end_of_record
TN:
SF:src\components\Chatbot.tsx
FN:12,Chatbot
FN:16,handleWrappedOption
FN:36,(anonymous_2)
FNF:3
FNH:1
FNDA:9,Chatbot
FNDA:0,handleWrappedOption
FNDA:0,(anonymous_2)
DA:13,9
DA:14,9
DA:17,0
DA:18,0
DA:19,0
DA:20,0
DA:22,0
DA:25,9
DA:27,7
DA:36,0
LF:10
LH:4
BRDA:17,0,0,0
BRDA:17,0,1,0
BRDA:17,1,0,0
BRDA:17,1,1,0
BRDA:25,2,0,1
BRDA:25,2,1,8
BRF:6
BRH:2
end_of_record
TN:
SF:src\components\EmptyState.tsx
FN:31,EmptyState
FN:66,(anonymous_1)
FNF:2
FNH:2
FNDA:17,EmptyState
FNDA:3,(anonymous_1)
DA:20,1
DA:41,17
DA:42,17
DA:43,17
DA:45,17
DA:67,3
LF:6
LH:6
BRDA:32,0,0,17
BRDA:39,1,0,17
BRDA:41,2,0,17
BRDA:41,2,1,16
BRDA:41,3,0,1
BRDA:41,3,1,15
BRDA:42,4,0,17
BRDA:42,4,1,16
BRDA:42,5,0,10
BRDA:42,5,1,6
BRDA:53,6,0,1
BRDA:53,6,1,16
BRDA:61,7,0,17
BRDA:61,7,1,11
BRDA:64,8,0,17
BRDA:64,8,1,2
BRDA:71,9,0,1
BRDA:71,9,1,2
BRF:18
BRH:18
end_of_record
TN:
SF:src\components\InstallPWA.tsx
FN:3,InstallPWA
FN:7,(anonymous_1)
FN:8,(anonymous_2)
FN:16,(anonymous_3)
FN:19,handleInstall
FN:51,(anonymous_5)
FNF:6
FNH:6
FNDA:21,InstallPWA
FNDA:9,(anonymous_1)
FNDA:8,(anonymous_2)
FNDA:9,(anonymous_3)
FNDA:3,handleInstall
FNDA:1,(anonymous_5)
DA:4,21
DA:5,21
DA:7,21
DA:8,9
DA:9,8
DA:10,8
DA:11,8
DA:14,9
DA:16,9
DA:20,3
DA:22,3
DA:23,3
DA:25,3
DA:26,2
DA:29,3
DA:32,21
DA:34,9
DA:51,1
LF:18
LH:18
BRDA:20,0,0,0
BRDA:20,0,1,3
BRDA:25,1,0,2
BRDA:25,1,1,1
BRDA:32,2,0,12
BRDA:32,2,1,9
BRF:6
BRH:5
end_of_record
TN:
SF:src\components\KeyboardShortcutsHelp.tsx
FN:26,KeyboardShortcutsHelp
FN:33,(anonymous_1)
FN:46,(anonymous_2)
FN:53,(anonymous_3)
FN:60,(anonymous_4)
FN:69,(anonymous_5)
FNF:6
FNH:0
FNDA:0,KeyboardShortcutsHelp
FNDA:0,(anonymous_1)
FNDA:0,(anonymous_2)
FNDA:0,(anonymous_3)
FNDA:0,(anonymous_4)
FNDA:0,(anonymous_5)
DA:13,0
DA:27,0
DA:29,0
DA:33,0
DA:46,0
DA:53,0
DA:60,0
DA:70,0
LF:8
LH:0
BRDA:43,0,0,0
BRDA:43,0,1,0
BRF:2
BRH:0
end_of_record
TN:
SF:src\components\Layout.tsx
FN:23,Layout
FN:35,(anonymous_1)
FN:56,(anonymous_2)
FN:62,(anonymous_3)
FN:63,(anonymous_4)
FN:67,(anonymous_5)
FN:68,(anonymous_6)
FN:69,(anonymous_7)
FN:70,(anonymous_8)
FN:71,(anonymous_9)
FN:74,handleLogout
FN:83,prefetchRoute
FN:119,(anonymous_12)
FN:151,(anonymous_13)
FN:181,(anonymous_14)
FN:190,(anonymous_15)
FN:201,(anonymous_16)
FN:210,(anonymous_17)
FN:214,(anonymous_18)
FN:215,(anonymous_19)
FN:235,(anonymous_20)
FN:253,(anonymous_21)
FN:262,(anonymous_22)
FN:295,(anonymous_23)
FN:320,(anonymous_24)
FNF:25
FNH:6
FNDA:9,Layout
FNDA:70,(anonymous_1)
FNDA:0,(anonymous_2)
FNDA:40,(anonymous_3)
FNDA:40,(anonymous_4)
FNDA:0,(anonymous_5)
FNDA:0,(anonymous_6)
FNDA:0,(anonymous_7)
FNDA:0,(anonymous_8)
FNDA:0,(anonymous_9)
FNDA:0,handleLogout
FNDA:0,prefetchRoute
FNDA:0,(anonymous_12)
FNDA:0,(anonymous_13)
FNDA:0,(anonymous_14)
FNDA:0,(anonymous_15)
FNDA:0,(anonymous_16)
FNDA:35,(anonymous_17)
FNDA:0,(anonymous_18)
FNDA:0,(anonymous_19)
FNDA:0,(anonymous_20)
FNDA:0,(anonymous_21)
FNDA:35,(anonymous_22)
FNDA:0,(anonymous_23)
FNDA:0,(anonymous_24)
DA:24,9
DA:25,9
DA:27,9
DA:28,9
DA:29,9
DA:31,9
DA:33,9
DA:35,70
DA:38,9
DA:47,9
DA:56,0
DA:62,40
DA:63,40
DA:66,9
DA:67,0
DA:68,0
DA:69,0
DA:70,0
DA:71,0
DA:75,0
DA:76,0
DA:77,0
DA:81,9
DA:84,0
DA:86,0
DA:87,0
DA:89,0
DA:90,0
DA:92,0
DA:93,0
DA:95,0
DA:96,0
DA:98,0
DA:99,0
DA:101,0
DA:105,7
DA:119,0
DA:151,0
DA:181,0
DA:190,0
DA:201,0
DA:211,35
DA:214,0
DA:215,0
DA:235,0
DA:253,0
DA:263,35
DA:266,35
DA:267,7
DA:290,28
DA:295,0
DA:320,0
LF:52
LH:20
BRDA:62,0,0,40
BRDA:62,0,1,0
BRDA:63,1,0,40
BRDA:63,1,1,0
BRDA:75,2,0,0
BRDA:75,2,1,0
BRDA:81,3,0,1
BRDA:81,3,1,8
BRDA:84,4,0,0
BRDA:84,4,1,0
BRDA:84,4,2,0
BRDA:84,4,3,0
BRDA:84,4,4,0
BRDA:84,4,5,0
BRDA:136,5,0,7
BRDA:136,5,1,0
BRDA:138,6,0,9
BRDA:138,6,1,2
BRDA:140,7,0,1
BRDA:140,7,1,1
BRDA:148,8,0,9
BRDA:148,8,1,2
BRDA:161,9,0,9
BRDA:161,9,1,0
BRDA:180,10,0,0
BRDA:180,10,1,7
BRDA:185,11,0,0
BRDA:185,11,1,7
BRDA:197,12,0,9
BRDA:197,12,1,2
BRDA:217,13,0,7
BRDA:217,13,1,28
BRDA:224,14,0,35
BRDA:224,14,1,0
BRDA:224,14,2,0
BRDA:250,15,0,9
BRDA:250,15,1,2
BRDA:266,16,0,7
BRDA:266,16,1,28
BRDA:296,17,0,7
BRDA:296,17,1,21
BRDA:296,18,0,7
BRDA:296,18,1,14
BRDA:299,19,0,7
BRDA:299,19,1,21
BRDA:303,20,0,7
BRDA:303,20,1,21
BRDA:304,21,0,7
BRDA:304,21,1,21
BRDA:307,22,0,35
BRDA:307,22,1,0
BRDA:307,22,2,0
BRDA:309,23,0,0
BRDA:309,23,1,0
BRF:54
BRH:34
end_of_record
TN:
SF:src\components\LoadingSpinner.tsx
FN:3,LoadingSpinner
FNF:1
FNH:1
FNDA:6,LoadingSpinner
DA:4,6
DA:6,6
DA:8,6
DA:9,6
DA:10,6
DA:16,6
LF:6
LH:6
BRDA:3,0,0,6
BRDA:9,1,0,6
BRDA:9,1,1,0
BRDA:9,2,0,6
BRDA:9,2,1,6
BRF:5
BRH:4
end_of_record
TN:
SF:src\components\NotificationToggle.tsx
FN:3,NotificationToggle
FNF:1
FNH:0
FNDA:0,NotificationToggle
DA:4,0
DA:6,0
DA:8,0
DA:9,0
DA:20,0
LF:5
LH:0
BRDA:6,0,0,0
BRDA:6,0,1,0
BRDA:8,1,0,0
BRDA:8,1,1,0
BRDA:29,2,0,0
BRDA:29,2,1,0
BRDA:31,3,0,0
BRDA:31,3,1,0
BRDA:36,4,0,0
BRDA:36,4,1,0
BRDA:36,5,0,0
BRDA:36,5,1,0
BRF:12
BRH:0
end_of_record
TN:
SF:src\components\OnboardingTour.tsx
FN:122,OnboardingTour
FN:125,(anonymous_1)
FN:131,(anonymous_2)
FN:135,(anonymous_3)
FN:139,(anonymous_4)
FN:151,(anonymous_5)
FN:156,(anonymous_6)
FN:158,(anonymous_7)
FN:212,useOnboardingTour
FN:213,(anonymous_9)
FN:220,(anonymous_10)
FNF:11
FNH:0
FNDA:0,OnboardingTour
FNDA:0,(anonymous_1)
FNDA:0,(anonymous_2)
FNDA:0,(anonymous_3)
FNDA:0,(anonymous_4)
FNDA:0,(anonymous_5)
FNDA:0,(anonymous_6)
FNDA:0,(anonymous_7)
FNDA:0,useOnboardingTour
FNDA:0,(anonymous_9)
FNDA:0,(anonymous_10)
DA:14,0
DA:123,0
DA:125,0
DA:127,0
DA:129,0
DA:131,0
DA:132,0
DA:135,0
DA:139,0
DA:140,0
DA:143,0
DA:144,0
DA:145,0
DA:146,0
DA:151,0
DA:152,0
DA:156,0
DA:157,0
DA:158,0
DA:159,0
DA:163,0
DA:213,0
DA:214,0
DA:215,0
DA:216,0
DA:220,0
DA:221,0
DA:224,0
LF:28
LH:0
BRDA:122,0,0,0
BRDA:129,1,0,0
BRDA:129,1,1,0
BRDA:129,2,0,0
BRDA:129,2,1,0
BRDA:143,3,0,0
BRDA:143,3,1,0
BRDA:143,4,0,0
BRDA:143,4,1,0
BRDA:215,5,0,0
BRDA:215,5,1,0
BRF:11
BRH:0
end_of_record
TN:
SF:src\components\PageLayout.tsx
FN:13,PageLayout
FN:38,(anonymous_1)
FNF:2
FNH:2
FNDA:20,PageLayout
FNDA:1,(anonymous_1)
DA:21,20
DA:22,20
DA:24,20
DA:38,1
LF:4
LH:4
BRDA:19,0,0,20
BRDA:36,1,0,20
BRDA:36,1,1,18
BRDA:49,2,0,20
BRDA:49,2,1,2
BRDA:52,3,0,20
BRDA:52,3,1,2
BRDA:58,4,0,20
BRDA:58,4,1,2
BRDA:66,5,0,20
BRDA:66,5,1,2
BRF:11
BRH:11
end_of_record
TN:
SF:src\components\ReloadPrompt.tsx
FN:3,ReloadPrompt
FN:9,(anonymous_1)
FN:12,(anonymous_2)
FN:17,(anonymous_3)
FN:22,(anonymous_4)
FN:27,(anonymous_5)
FNF:6
FNH:0
FNDA:0,ReloadPrompt
FNDA:0,(anonymous_1)
FNDA:0,(anonymous_2)
FNDA:0,(anonymous_3)
FNDA:0,(anonymous_4)
FNDA:0,(anonymous_5)
DA:8,0
DA:10,0
DA:13,0
DA:17,0
DA:18,0
DA:19,0
DA:22,0
DA:23,0
DA:25,0
DA:27,0
DA:28,0
DA:31,0
DA:32,0
DA:36,0
LF:14
LH:0
BRDA:38,0,0,0
BRDA:38,0,1,0
BRDA:38,0,2,0
BRDA:41,1,0,0
BRDA:41,1,1,0
BRDA:55,2,0,0
BRDA:55,2,1,0
BRF:7
BRH:0
end_of_record
TN:
SF:src\components\Skeleton.tsx
FN:6,CardSkeleton
FN:19,TableSkeleton
FN:25,(anonymous_2)
FN:32,(anonymous_3)
FN:35,(anonymous_4)
FN:45,FormSkeleton
FN:75,ListSkeleton
FN:78,(anonymous_7)
FN:94,StatCardSkeleton
FN:107,DashboardSkeleton
FN:130,PageSkeleton
FNF:11
FNH:11
FNDA:25,CardSkeleton
FNDA:4,TableSkeleton
FNDA:18,(anonymous_2)
FNDA:18,(anonymous_3)
FNDA:82,(anonymous_4)
FNDA:3,FormSkeleton
FNDA:9,ListSkeleton
FNDA:29,(anonymous_7)
FNDA:22,StatCardSkeleton
FNDA:5,DashboardSkeleton
FNDA:4,PageSkeleton
DA:7,25
DA:20,4
DA:26,18
DA:33,18
DA:36,82
DA:46,3
DA:76,9
DA:79,29
DA:95,22
DA:108,5
DA:131,4
LF:11
LH:11
BRDA:19,0,0,4
BRDA:19,1,0,4
BRDA:75,2,0,9
BRF:3
BRH:3
end_of_record
TN:
SF:src\components\SkipLinks.tsx
FN:19,SkipLinks
FN:22,(anonymous_1)
FN:23,handleKeyDown
FN:30,handleBlur
FN:32,(anonymous_4)
FN:38,(anonymous_5)
FN:49,(anonymous_6)
FN:54,(anonymous_7)
FN:55,(anonymous_8)
FNF:9
FNH:0
FNDA:0,SkipLinks
FNDA:0,(anonymous_1)
FNDA:0,handleKeyDown
FNDA:0,handleBlur
FNDA:0,(anonymous_4)
FNDA:0,(anonymous_5)
FNDA:0,(anonymous_6)
FNDA:0,(anonymous_7)
FNDA:0,(anonymous_8)
DA:13,0
DA:20,0
DA:22,0
DA:25,0
DA:26,0
DA:32,0
DA:35,0
DA:36,0
DA:38,0
DA:39,0
DA:40,0
DA:44,0
DA:50,0
DA:54,0
DA:55,0
LF:15
LH:0
BRDA:25,0,0,0
BRDA:25,0,1,0
BRDA:47,1,0,0
BRDA:47,1,1,0
BRF:4
BRH:0
end_of_record
TN:
SF:src\components\admin\AdminLayout.tsx
FN:10,AdminLayoutContent
FN:38,(anonymous_1)
FN:47,(anonymous_2)
FN:57,(anonymous_3)
FN:72,(anonymous_4)
FN:76,(anonymous_5)
FN:148,AdminLayout
FNF:7
FNH:0
FNDA:0,AdminLayoutContent
FNDA:0,(anonymous_1)
FNDA:0,(anonymous_2)
FNDA:0,(anonymous_3)
FNDA:0,(anonymous_4)
FNDA:0,(anonymous_5)
FNDA:0,AdminLayout
DA:11,0
DA:17,0
DA:19,0
DA:20,0
DA:21,0
DA:24,0
DA:26,0
DA:38,0
DA:47,0
DA:57,0
DA:72,0
DA:77,0
DA:149,0
DA:151,0
DA:153,0
DA:154,0
DA:157,0
LF:17
LH:0
BRDA:24,0,0,0
BRDA:24,0,1,0
BRDA:35,1,0,0
BRDA:35,1,1,0
BRDA:45,2,0,0
BRDA:45,2,1,0
BRDA:64,3,0,0
BRDA:64,3,1,0
BRDA:65,4,0,0
BRDA:65,4,1,0
BRDA:65,5,0,0
BRDA:65,5,1,0
BRDA:71,6,0,0
BRDA:71,6,1,0
BRDA:72,7,0,0
BRDA:72,7,1,0
BRDA:82,8,0,0
BRDA:82,8,1,0
BRDA:82,8,2,0
BRDA:91,9,0,0
BRDA:91,9,1,0
BRDA:91,9,2,0
BRDA:123,10,0,0
BRDA:123,10,1,0
BRDA:123,11,0,0
BRDA:123,11,1,0
BRDA:123,11,2,0
BRDA:151,12,0,0
BRDA:151,12,1,0
BRDA:153,13,0,0
BRDA:153,13,1,0
BRDA:153,14,0,0
BRDA:153,14,1,0
BRF:33
BRH:0
end_of_record
TN:
SF:src\components\admin\AdminSidebar.tsx
FN:5,AdminSidebar
FN:10,(anonymous_1)
FN:45,(anonymous_2)
FN:45,(anonymous_3)
FN:76,(anonymous_4)
FN:85,(anonymous_5)
FNF:6
FNH:0
FNDA:0,AdminSidebar
FNDA:0,(anonymous_1)
FNDA:0,(anonymous_2)
FNDA:0,(anonymous_3)
FNDA:0,(anonymous_4)
FNDA:0,(anonymous_5)
DA:6,0
DA:7,0
DA:8,0
DA:10,0
DA:12,0
DA:30,0
DA:45,0
DA:46,0
DA:47,0
DA:76,0
DA:85,0
LF:11
LH:0
BRDA:27,0,0,0
BRDA:27,0,1,0
BRDA:54,1,0,0
BRDA:54,1,1,0
BRDA:59,2,0,0
BRDA:59,2,1,0
BRDA:64,3,0,0
BRDA:64,3,1,0
BRDA:74,4,0,0
BRDA:74,4,1,0
BRF:10
BRH:0
end_of_record
TN:
SF:src\components\admin\assembleias\AssembleiasList.tsx
FN:12,AssembleiasList
FN:19,(anonymous_1)
FN:22,(anonymous_2)
FNF:3
FNH:0
FNDA:0,AssembleiasList
FNDA:0,(anonymous_1)
FNDA:0,(anonymous_2)
DA:13,0
DA:20,0
DA:22,0
LF:3
LH:0
BRDA:17,0,0,0
BRDA:17,0,1,0
BRDA:18,1,0,0
BRDA:18,1,1,0
BRDA:18,1,2,0
BRDA:24,2,0,0
BRDA:24,2,1,0
BRDA:31,3,0,0
BRDA:31,3,1,0
BRDA:33,4,0,0
BRDA:33,4,1,0
BRDA:35,5,0,0
BRDA:35,5,1,0
BRDA:37,6,0,0
BRDA:37,6,1,0
BRDA:43,7,0,0
BRDA:43,7,1,0
BRDA:44,8,0,0
BRDA:44,8,1,0
BRDA:45,9,0,0
BRDA:45,9,1,0
BRDA:46,10,0,0
BRDA:46,10,1,0
BRF:23
BRH:0
end_of_record
TN:
SF:src\components\admin\assembleias\EditAssembleiaForm.tsx
FN:22,EditAssembleiaForm
FN:29,(anonymous_1)
FN:32,(anonymous_2)
FN:35,(anonymous_3)
FN:41,(anonymous_4)
FN:41,(anonymous_5)
FN:42,(anonymous_6)
FN:42,(anonymous_7)
FN:45,(anonymous_8)
FN:45,(anonymous_9)
FN:46,(anonymous_10)
FN:46,(anonymous_11)
FN:50,(anonymous_12)
FN:50,(anonymous_13)
FN:51,(anonymous_14)
FN:51,(anonymous_15)
FNF:16
FNH:0
FNDA:0,EditAssembleiaForm
FNDA:0,(anonymous_1)
FNDA:0,(anonymous_2)
FNDA:0,(anonymous_3)
FNDA:0,(anonymous_4)
FNDA:0,(anonymous_5)
FNDA:0,(anonymous_6)
FNDA:0,(anonymous_7)
FNDA:0,(anonymous_8)
FNDA:0,(anonymous_9)
FNDA:0,(anonymous_10)
FNDA:0,(anonymous_11)
FNDA:0,(anonymous_12)
FNDA:0,(anonymous_13)
FNDA:0,(anonymous_14)
FNDA:0,(anonymous_15)
DA:23,0
DA:29,0
DA:32,0
DA:35,0
DA:41,0
DA:42,0
DA:45,0
DA:46,0
DA:50,0
DA:51,0
LF:10
LH:0
BRDA:28,0,0,0
BRDA:28,0,1,0
BRDA:31,1,0,0
BRDA:31,1,1,0
BRDA:31,1,2,0
BRDA:34,2,0,0
BRDA:34,2,1,0
BRDA:46,3,0,0
BRDA:46,3,1,0
BRDA:51,4,0,0
BRDA:51,4,1,0
BRF:11
BRH:0
end_of_record
TN:
SF:src\components\admin\assembleias\NewAssembleiaForm.tsx
FN:16,NewAssembleiaForm
FN:25,(anonymous_1)
FN:25,(anonymous_2)
FN:31,(anonymous_3)
FN:31,(anonymous_4)
FN:38,(anonymous_5)
FN:38,(anonymous_6)
FN:44,(anonymous_7)
FN:44,(anonymous_8)
FNF:9
FNH:0
FNDA:0,NewAssembleiaForm
FNDA:0,(anonymous_1)
FNDA:0,(anonymous_2)
FNDA:0,(anonymous_3)
FNDA:0,(anonymous_4)
FNDA:0,(anonymous_5)
FNDA:0,(anonymous_6)
FNDA:0,(anonymous_7)
FNDA:0,(anonymous_8)
DA:17,0
DA:25,0
DA:31,0
DA:38,0
DA:44,0
LF:5
LH:0
BRDA:44,0,0,0
BRDA:44,0,1,0
BRF:2
BRH:0
end_of_record
TN:
SF:src\components\admin\assembleias\PautasSection.tsx
FN:22,PautasSection
FN:34,(anonymous_1)
FN:34,(anonymous_2)
FN:42,(anonymous_3)
FN:42,(anonymous_4)
FN:47,(anonymous_5)
FN:47,(anonymous_6)
FN:57,(anonymous_7)
FN:57,(anonymous_8)
FN:64,(anonymous_9)
FN:64,(anonymous_10)
FN:71,(anonymous_11)
FN:84,(anonymous_12)
FN:93,(anonymous_13)
FN:101,(anonymous_14)
FNF:15
FNH:0
FNDA:0,PautasSection
FNDA:0,(anonymous_1)
FNDA:0,(anonymous_2)
FNDA:0,(anonymous_3)
FNDA:0,(anonymous_4)
FNDA:0,(anonymous_5)
FNDA:0,(anonymous_6)
FNDA:0,(anonymous_7)
FNDA:0,(anonymous_8)
FNDA:0,(anonymous_9)
FNDA:0,(anonymous_10)
FNDA:0,(anonymous_11)
FNDA:0,(anonymous_12)
FNDA:0,(anonymous_13)
FNDA:0,(anonymous_14)
DA:23,0
DA:34,0
DA:42,0
DA:47,0
DA:57,0
DA:64,0
DA:72,0
DA:84,0
DA:93,0
DA:101,0
LF:10
LH:0
BRDA:78,0,0,0
BRDA:78,0,1,0
BRDA:82,1,0,0
BRDA:82,1,1,0
BRDA:91,2,0,0
BRDA:91,2,1,0
BRDA:110,3,0,0
BRDA:110,3,1,0
BRF:8
BRH:0
end_of_record
TN:
SF:src\components\admin\assembleias\QrPresencaSection.tsx
FN:9,QrPresencaSection
FN:38,(anonymous_1)
FNF:2
FNH:0
FNDA:0,QrPresencaSection
FNDA:0,(anonymous_1)
DA:10,0
DA:38,0
LF:2
LH:0
BRDA:19,0,0,0
BRDA:19,0,1,0
BRF:2
BRH:0
end_of_record
TN:
SF:src\components\assembleias\PautaVotacao.tsx
FN:11,PautaVotacao
FN:15,(anonymous_1)
FN:20,checkIfVoted
FN:33,handleVoto
FN:49,(anonymous_4)
FN:52,(anonymous_5)
FNF:6
FNH:0
FNDA:0,PautaVotacao
FNDA:0,(anonymous_1)
FNDA:0,checkIfVoted
FNDA:0,handleVoto
FNDA:0,(anonymous_4)
FNDA:0,(anonymous_5)
DA:12,0
DA:13,0
DA:15,0
DA:16,0
DA:21,0
DA:23,0
DA:30,0
DA:34,0
DA:35,0
DA:36,0
DA:37,0
DA:40,0
DA:50,0
DA:52,0
LF:14
LH:0
BRDA:21,0,0,0
BRDA:21,0,1,0
BRDA:45,1,0,0
BRDA:45,1,1,0
BRF:4
BRH:0
end_of_record
TN:
SF:src\components\assembleias\ResultadoCard.tsx
FN:8,ResultadoCard
FN:13,(anonymous_1)
FNF:2
FNH:0
FNDA:0,ResultadoCard
FNDA:0,(anonymous_1)
DA:9,0
DA:14,0
LF:2
LH:0
BRDA:18,0,0,0
BRDA:18,0,1,0
BRDA:27,1,0,0
BRDA:27,1,1,0
BRF:4
BRH:0
end_of_record
TN:
SF:src\components\chatbot\ChatHeader.tsx
FN:7,ChatHeader
FN:26,(anonymous_1)
FNF:2
FNH:2
FNDA:7,ChatHeader
FNDA:1,(anonymous_1)
DA:8,7
DA:27,1
DA:28,1
LF:3
LH:3
BRF:0
BRH:0
end_of_record
TN:
SF:src\components\chatbot\ChatInput.tsx
FN:10,ChatInput
FN:16,(anonymous_1)
FNF:2
FNH:1
FNDA:7,ChatInput
FNDA:0,(anonymous_1)
DA:11,7
DA:16,0
LF:2
LH:1
BRDA:22,0,0,7
BRDA:22,0,1,0
BRF:2
BRH:1
end_of_record
TN:
SF:src\components\chatbot\MessagesList.tsx
FN:25,MessagesList
FN:28,(anonymous_1)
FN:40,(anonymous_2)
FN:49,(anonymous_3)
FN:52,(anonymous_4)
FNF:5
FNH:3
FNDA:8,MessagesList
FNDA:8,(anonymous_1)
FNDA:8,(anonymous_2)
FNDA:0,(anonymous_3)
FNDA:0,(anonymous_4)
DA:26,8
DA:29,8
DA:40,8
DA:50,0
DA:52,0
LF:5
LH:3
BRDA:29,0,0,1
BRDA:29,0,1,7
BRDA:32,1,0,1
BRDA:32,1,1,7
BRDA:34,2,0,0
BRDA:34,2,1,7
BRDA:40,3,0,0
BRDA:40,3,1,8
BRDA:42,4,0,1
BRDA:42,4,1,7
BRDA:47,5,0,8
BRDA:47,5,1,0
BRDA:55,6,0,0
BRDA:55,6,1,0
BRDA:68,7,0,8
BRDA:68,7,1,1
BRF:16
BRH:11
end_of_record
TN:
SF:src\components\dashboard\StatCard.tsx
FN:17,StatCard
FNF:1
FNH:1
FNDA:7,StatCard
DA:26,7
LF:1
LH:1
BRDA:30,0,0,1
BRDA:30,0,1,6
BRDA:39,1,0,7
BRDA:39,1,1,2
BRDA:40,2,0,1
BRDA:40,2,1,1
BRDA:43,3,0,1
BRDA:43,3,1,1
BRDA:45,4,0,1
BRDA:45,4,1,1
BRDA:48,5,0,1
BRDA:48,5,1,1
BRDA:55,6,0,7
BRDA:55,6,1,1
BRF:14
BRH:14
end_of_record
TN:
SF:src\components\faq\FAQCard.tsx
FN:15,FAQCard
FN:29,(anonymous_1)
FN:66,(anonymous_2)
FN:73,(anonymous_3)
FN:89,(anonymous_4)
FN:100,(anonymous_5)
FNF:6
FNH:0
FNDA:0,FAQCard
FNDA:0,(anonymous_1)
FNDA:0,(anonymous_2)
FNDA:0,(anonymous_3)
FNDA:0,(anonymous_4)
FNDA:0,(anonymous_5)
DA:25,0
DA:26,0
DA:27,0
DA:29,0
DA:30,0
DA:32,0
DA:33,0
DA:34,0
DA:36,0
DA:41,0
DA:43,0
DA:44,0
DA:46,0
DA:49,0
DA:51,0
DA:55,0
DA:66,0
DA:73,0
DA:89,0
DA:100,0
LF:20
LH:0
BRDA:21,0,0,0
BRDA:30,1,0,0
BRDA:30,1,1,0
BRDA:33,2,0,0
BRDA:33,2,1,0
BRDA:34,3,0,0
BRDA:34,3,1,0
BRDA:41,4,0,0
BRDA:41,4,1,0
BRDA:43,5,0,0
BRDA:43,5,1,0
BRDA:63,6,0,0
BRDA:63,6,1,0
BRDA:92,7,0,0
BRDA:92,7,1,0
BRDA:103,8,0,0
BRDA:103,8,1,0
BRF:17
BRH:0
end_of_record
TN:
SF:src\components\faq\FAQCategory.tsx
FN:22,FAQCategory
FN:36,(anonymous_1)
FN:70,(anonymous_2)
FNF:3
FNH:0
FNDA:0,FAQCategory
FNDA:0,(anonymous_1)
FNDA:0,(anonymous_2)
DA:31,0
DA:33,0
DA:36,0
DA:71,0
LF:4
LH:0
BRDA:27,0,0,0
BRDA:50,1,0,0
BRDA:50,1,1,0
BRDA:65,2,0,0
BRDA:65,2,1,0
BRDA:67,3,0,0
BRDA:67,3,1,0
BRF:7
BRH:0
end_of_record
TN:
SF:src\components\faq\FAQForm.tsx
FN:20,FAQForm
FN:29,(anonymous_1)
FN:33,loadCategories
FN:42,handleSubmit
FN:91,(anonymous_4)
FN:95,(anonymous_5)
FN:111,(anonymous_6)
FN:125,(anonymous_7)
FNF:8
FNH:0
FNDA:0,FAQForm
FNDA:0,(anonymous_1)
FNDA:0,loadCategories
FNDA:0,handleSubmit
FNDA:0,(anonymous_4)
FNDA:0,(anonymous_5)
FNDA:0,(anonymous_6)
FNDA:0,(anonymous_7)
DA:21,0
DA:22,0
DA:23,0
DA:29,0
DA:30,0
DA:34,0
DA:39,0
DA:43,0
DA:44,0
DA:46,0
DA:47,0
DA:49,0
DA:59,0
DA:62,0
DA:70,0
DA:73,0
DA:75,0
DA:76,0
DA:78,0
DA:82,0
DA:91,0
DA:96,0
DA:111,0
DA:125,0
LF:24
LH:0
BRDA:24,0,0,0
BRDA:24,0,1,0
BRDA:25,1,0,0
BRDA:25,1,1,0
BRDA:26,2,0,0
BRDA:26,2,1,0
BRDA:39,3,0,0
BRDA:39,3,1,0
BRDA:47,4,0,0
BRDA:47,4,1,0
BRDA:54,5,0,0
BRDA:54,5,1,0
BRDA:59,6,0,0
BRDA:59,6,1,0
BRDA:67,7,0,0
BRDA:67,7,1,0
BRDA:70,8,0,0
BRDA:70,8,1,0
BRDA:140,9,0,0
BRDA:140,9,1,0
BRDA:140,10,0,0
BRDA:140,10,1,0
BRF:22
BRH:0
end_of_record
TN:
SF:src\components\ui\Modal.tsx
FN:12,Modal
FN:28,(anonymous_1)
FNF:2
FNH:2
FNDA:9,Modal
FNDA:2,(anonymous_1)
DA:13,9
DA:14,9
DA:15,9
DA:17,9
DA:19,8
DA:28,2
LF:6
LH:6
BRDA:17,0,0,1
BRDA:17,0,1,8
BRF:2
BRH:2
end_of_record
TN:
SF:src\components\ui\Tooltip.tsx
FN:11,Tooltip
FNF:1
FNH:1
FNDA:19,Tooltip
DA:12,19
LF:1
LH:1
BRDA:11,0,0,19
BRDA:11,1,0,19
BRF:2
BRH:2
end_of_record
TN:
SF:src\config\theme-pinheiropark.ts
FNF:0
FNH:0
DA:3,2
LF:1
LH:1
BRF:0
BRH:0
end_of_record
TN:
SF:src\config\theme-versix.ts
FNF:0
FNH:0
DA:13,2
LF:1
LH:1
BRF:0
BRH:0
end_of_record
TN:
SF:src\contexts\AdminContext.tsx
FN:16,AdminProvider
FN:21,(anonymous_1)
FN:33,(anonymous_2)
FN:48,useAdmin
FNF:4
FNH:0
FNDA:0,AdminProvider
FNDA:0,(anonymous_1)
FNDA:0,(anonymous_2)
FNDA:0,useAdmin
DA:14,0
DA:17,0
DA:18,0
DA:19,0
DA:21,0
DA:22,0
DA:23,0
DA:26,0
DA:28,0
DA:33,0
DA:35,0
DA:49,0
DA:50,0
DA:51,0
DA:53,0
LF:15
LH:0
BRDA:22,0,0,0
BRDA:22,0,1,0
BRDA:23,1,0,0
BRDA:23,1,1,0
BRDA:26,2,0,0
BRDA:26,2,1,0
BRDA:50,3,0,0
BRDA:50,3,1,0
BRF:8
BRH:0
end_of_record
TN:
SF:src\contexts\AuthContext.tsx
FN:60,AuthProvider
FN:67,(anonymous_1)
FN:69,(anonymous_2)
FN:80,(anonymous_3)
FN:95,(anonymous_4)
FN:98,loadProfile
FN:137,signIn
FN:142,signUp
FN:177,signOut
FN:214,useAuth
FNF:10
FNH:10
FNDA:37,AuthProvider
FNDA:17,(anonymous_1)
FNDA:17,(anonymous_2)
FNDA:4,(anonymous_3)
FNDA:17,(anonymous_4)
FNDA:10,loadProfile
FNDA:2,signIn
FNDA:2,signUp
FNDA:2,signOut
FNDA:40,useAuth
DA:49,6
DA:61,37
DA:62,37
DA:63,37
DA:64,37
DA:65,37
DA:67,37
DA:69,17
DA:70,17
DA:71,17
DA:72,17
DA:73,9
DA:75,8
DA:80,17
DA:81,4
DA:82,4
DA:84,4
DA:86,1
DA:89,3
DA:90,3
DA:91,3
DA:95,17
DA:99,10
DA:100,10
DA:102,10
DA:109,9
DA:111,9
DA:112,9
DA:118,9
DA:122,1
DA:123,1
DA:124,1
DA:127,1
DA:128,1
DA:130,0
DA:133,10
DA:138,2
DA:139,2
DA:154,2
DA:156,2
DA:174,2
DA:178,2
DA:179,2
DA:180,2
DA:182,0
DA:184,2
DA:185,2
DA:186,2
DA:187,2
DA:188,2
DA:192,37
DA:194,37
DA:211,37
DA:215,40
DA:216,40
DA:217,4
DA:219,36
LF:57
LH:55
BRDA:71,0,0,17
BRDA:71,0,1,8
BRDA:72,1,0,9
BRDA:72,1,1,8
BRDA:82,2,0,4
BRDA:82,2,1,3
BRDA:84,3,0,1
BRDA:84,3,1,3
BRDA:109,4,0,0
BRDA:109,4,1,9
BRDA:111,5,0,9
BRDA:111,5,1,0
BRDA:114,6,0,9
BRDA:114,6,1,0
BRDA:116,7,0,9
BRDA:116,7,1,0
BRDA:139,8,0,1
BRDA:139,8,1,1
BRDA:174,9,0,1
BRDA:174,9,1,1
BRDA:180,10,0,1
BRDA:180,10,1,1
BRDA:192,11,0,37
BRDA:192,11,1,27
BRDA:207,12,0,37
BRDA:207,12,1,4
BRDA:216,13,0,4
BRDA:216,13,1,36
BRF:28
BRH:24
end_of_record
TN:
SF:src\contexts\ThemeContext.tsx
FN:18,ThemeProvider
FN:24,(anonymous_1)
FN:25,loadTheme
FN:69,(anonymous_3)
FN:80,useTheme
FNF:5
FNH:4
FNDA:20,ThemeProvider
FNDA:10,(anonymous_1)
FNDA:10,loadTheme
FNDA:0,(anonymous_3)
FNDA:20,useTheme
DA:16,2
DA:19,20
DA:21,20
DA:22,20
DA:24,20
DA:26,10
DA:27,10
DA:28,10
DA:29,10
DA:32,0
DA:33,0
DA:34,0
DA:40,0
DA:43,0
DA:44,10
DA:46,10
DA:49,10
DA:50,0
DA:51,0
DA:52,0
DA:55,0
DA:59,0
DA:60,0
DA:62,0
DA:66,10
DA:69,20
DA:70,0
DA:73,20
DA:81,20
DA:82,20
DA:83,0
DA:85,20
LF:32
LH:18
BRDA:26,0,0,10
BRDA:26,0,1,0
BRDA:26,1,0,10
BRDA:26,1,1,0
BRDA:26,1,2,0
BRDA:40,2,0,0
BRDA:40,2,1,0
BRDA:43,3,0,0
BRDA:43,3,1,0
BRDA:44,4,0,10
BRDA:44,4,1,0
BRDA:49,5,0,0
BRDA:49,5,1,0
BRDA:49,6,0,10
BRDA:49,6,1,0
BRDA:51,7,0,0
BRDA:51,7,1,0
BRDA:82,8,0,0
BRDA:82,8,1,20
BRF:19
BRH:5
end_of_record
TN:
SF:src\hooks\useAssembleias.ts
FN:12,useAssembleias
FN:20,(anonymous_1)
FN:48,(anonymous_2)
FN:56,(anonymous_3)
FN:101,(anonymous_4)
FN:146,(anonymous_5)
FN:172,(anonymous_6)
FN:192,(anonymous_7)
FN:213,(anonymous_8)
FN:217,(anonymous_9)
FN:224,(anonymous_10)
FN:245,(anonymous_11)
FN:298,(anonymous_12)
FN:347,(anonymous_13)
FN:361,(anonymous_14)
FN:379,(anonymous_15)
FN:400,(anonymous_16)
FN:413,(anonymous_17)
FN:426,(anonymous_18)
FN:439,(anonymous_19)
FNF:20
FNH:0
FNDA:0,useAssembleias
FNDA:0,(anonymous_1)
FNDA:0,(anonymous_2)
FNDA:0,(anonymous_3)
FNDA:0,(anonymous_4)
FNDA:0,(anonymous_5)
FNDA:0,(anonymous_6)
FNDA:0,(anonymous_7)
FNDA:0,(anonymous_8)
FNDA:0,(anonymous_9)
FNDA:0,(anonymous_10)
FNDA:0,(anonymous_11)
FNDA:0,(anonymous_12)
FNDA:0,(anonymous_13)
FNDA:0,(anonymous_14)
FNDA:0,(anonymous_15)
FNDA:0,(anonymous_16)
FNDA:0,(anonymous_17)
FNDA:0,(anonymous_18)
FNDA:0,(anonymous_19)
DA:13,0
DA:14,0
DA:15,0
DA:16,0
DA:17,0
DA:20,0
DA:21,0
DA:22,0
DA:23,0
DA:26,0
DA:27,0
DA:28,0
DA:30,0
DA:36,0
DA:38,0
DA:40,0
DA:41,0
DA:42,0
DA:44,0
DA:48,0
DA:49,0
DA:55,0
DA:57,0
DA:58,0
DA:59,0
DA:62,0
DA:64,0
DA:71,0
DA:72,0
DA:73,0
DA:76,0
DA:83,0
DA:85,0
DA:86,0
DA:88,0
DA:89,0
DA:90,0
DA:91,0
DA:100,0
DA:102,0
DA:103,0
DA:104,0
DA:107,0
DA:109,0
DA:116,0
DA:117,0
DA:118,0
DA:121,0
DA:129,0
DA:131,0
DA:132,0
DA:134,0
DA:135,0
DA:136,0
DA:137,0
DA:146,0
DA:147,0
DA:148,0
DA:160,0
DA:162,0
DA:164,0
DA:165,0
DA:172,0
DA:173,0
DA:174,0
DA:180,0
DA:182,0
DA:184,0
DA:185,0
DA:192,0
DA:193,0
DA:194,0
DA:200,0
DA:202,0
DA:207,0
DA:210,0
DA:211,0
DA:213,0
DA:214,0
DA:217,0
DA:224,0
DA:225,0
DA:228,0
DA:236,0
DA:237,0
DA:245,0
DA:251,0
DA:252,0
DA:253,0
DA:256,0
DA:257,0
DA:269,0
DA:271,0
DA:273,0
DA:274,0
DA:275,0
DA:276,0
DA:277,0
DA:278,0
DA:284,0
DA:285,0
DA:288,0
DA:289,0
DA:290,0
DA:292,0
DA:293,0
DA:294,0
DA:298,0
DA:303,0
DA:304,0
DA:305,0
DA:306,0
DA:310,0
DA:313,0
DA:314,0
DA:315,0
DA:316,0
DA:317,0
DA:318,0
DA:322,0
DA:325,0
DA:326,0
DA:327,0
DA:328,0
DA:329,0
DA:330,0
DA:334,0
DA:337,0
DA:338,0
DA:339,0
DA:341,0
DA:342,0
DA:343,0
DA:347,0
DA:348,0
DA:349,0
DA:350,0
DA:351,0
DA:352,0
DA:353,0
DA:355,0
DA:356,0
DA:357,0
DA:361,0
DA:362,0
DA:363,0
DA:364,0
DA:365,0
DA:366,0
DA:367,0
DA:368,0
DA:369,0
DA:370,0
DA:372,0
DA:373,0
DA:374,0
DA:379,0
DA:380,0
DA:381,0
DA:390,0
DA:391,0
DA:392,0
DA:394,0
DA:395,0
DA:396,0
DA:400,0
DA:401,0
DA:402,0
DA:403,0
DA:404,0
DA:405,0
DA:407,0
DA:408,0
DA:409,0
DA:413,0
DA:414,0
DA:415,0
DA:416,0
DA:417,0
DA:418,0
DA:420,0
DA:421,0
DA:422,0
DA:426,0
DA:427,0
DA:428,0
DA:429,0
DA:430,0
DA:431,0
DA:433,0
DA:434,0
DA:435,0
DA:439,0
DA:440,0
DA:441,0
DA:442,0
DA:443,0
DA:444,0
DA:446,0
DA:447,0
DA:448,0
DA:452,0
LF:202
LH:0
BRDA:21,0,0,0
BRDA:21,0,1,0
BRDA:36,1,0,0
BRDA:36,1,1,0
BRDA:38,2,0,0
BRDA:38,2,1,0
BRDA:57,3,0,0
BRDA:57,3,1,0
BRDA:71,4,0,0
BRDA:71,4,1,0
BRDA:83,5,0,0
BRDA:83,5,1,0
BRDA:102,6,0,0
BRDA:102,6,1,0
BRDA:116,7,0,0
BRDA:116,7,1,0
BRDA:129,8,0,0
BRDA:129,8,1,0
BRDA:160,9,0,0
BRDA:160,9,1,0
BRDA:162,10,0,0
BRDA:162,10,1,0
BRDA:180,11,0,0
BRDA:180,11,1,0
BRDA:182,12,0,0
BRDA:182,12,1,0
BRDA:200,13,0,0
BRDA:200,13,1,0
BRDA:207,14,0,0
BRDA:207,14,1,0
BRDA:214,15,0,0
BRDA:214,15,1,0
BRDA:219,16,0,0
BRDA:219,16,1,0
BRDA:220,17,0,0
BRDA:220,17,1,0
BRDA:220,18,0,0
BRDA:220,18,1,0
BRDA:225,19,0,0
BRDA:225,19,1,0
BRDA:233,20,0,0
BRDA:233,20,1,0
BRDA:251,21,0,0
BRDA:251,21,1,0
BRDA:269,22,0,0
BRDA:269,22,1,0
BRDA:273,23,0,0
BRDA:273,23,1,0
BRDA:276,24,0,0
BRDA:276,24,1,0
BRDA:284,25,0,0
BRDA:284,25,1,0
BRDA:305,26,0,0
BRDA:305,26,1,0
BRDA:310,27,0,0
BRDA:310,27,1,0
BRDA:313,28,0,0
BRDA:313,28,1,0
BRDA:316,29,0,0
BRDA:316,29,1,0
BRDA:322,30,0,0
BRDA:322,30,1,0
BRDA:325,31,0,0
BRDA:325,31,1,0
BRDA:328,32,0,0
BRDA:328,32,1,0
BRDA:334,33,0,0
BRDA:334,33,1,0
BRDA:350,34,0,0
BRDA:350,34,1,0
BRDA:364,35,0,0
BRDA:364,35,1,0
BRDA:365,36,0,0
BRDA:365,36,1,0
BRDA:367,37,0,0
BRDA:367,37,1,0
BRDA:388,38,0,0
BRDA:388,38,1,0
BRDA:390,39,0,0
BRDA:390,39,1,0
BRDA:403,40,0,0
BRDA:403,40,1,0
BRDA:416,41,0,0
BRDA:416,41,1,0
BRDA:429,42,0,0
BRDA:429,42,1,0
BRDA:442,43,0,0
BRDA:442,43,1,0
BRF:88
BRH:0
end_of_record
TN:
SF:src\hooks\useAuth.ts
FN:4,useAuth
FN:8,(anonymous_1)
FN:13,(anonymous_2)
FN:18,(anonymous_3)
FNF:4
FNH:0
FNDA:0,useAuth
FNDA:0,(anonymous_1)
FNDA:0,(anonymous_2)
FNDA:0,(anonymous_3)
DA:5,0
DA:6,0
DA:8,0
DA:10,0
DA:13,0
DA:15,0
DA:18,0
DA:20,0
DA:23,0
LF:9
LH:0
BRF:0
BRH:0
end_of_record
TN:
SF:src\hooks\useChamados.ts
FN:45,useChamados
FN:52,(anonymous_1)
FN:81,(anonymous_2)
FN:97,(anonymous_3)
FN:100,(anonymous_4)
FN:103,(anonymous_5)
FN:104,(anonymous_6)
FN:117,(anonymous_7)
FN:117,(anonymous_8)
FN:123,(anonymous_9)
FN:136,(anonymous_10)
FN:170,(anonymous_11)
FN:204,(anonymous_12)
FNF:13
FNH:0
FNDA:0,useChamados
FNDA:0,(anonymous_1)
FNDA:0,(anonymous_2)
FNDA:0,(anonymous_3)
FNDA:0,(anonymous_4)
FNDA:0,(anonymous_5)
FNDA:0,(anonymous_6)
FNDA:0,(anonymous_7)
FNDA:0,(anonymous_8)
FNDA:0,(anonymous_9)
FNDA:0,(anonymous_10)
FNDA:0,(anonymous_11)
FNDA:0,(anonymous_12)
DA:46,0
DA:47,0
DA:48,0
DA:49,0
DA:52,0
DA:53,0
DA:54,0
DA:55,0
DA:58,0
DA:59,0
DA:60,0
DA:62,0
DA:68,0
DA:70,0
DA:72,0
DA:73,0
DA:74,0
DA:76,0
DA:81,0
DA:82,0
DA:85,0
DA:87,0
DA:98,0
DA:99,0
DA:100,0
DA:101,0
DA:102,0
DA:103,0
DA:104,0
DA:105,0
DA:109,0
DA:110,0
DA:113,0
DA:114,0
DA:116,0
DA:117,0
DA:123,0
DA:124,0
DA:135,0
DA:137,0
DA:138,0
DA:139,0
DA:142,0
DA:143,0
DA:150,0
DA:152,0
DA:154,0
DA:155,0
DA:156,0
DA:157,0
DA:169,0
DA:174,0
DA:175,0
DA:184,0
DA:186,0
DA:187,0
DA:189,0
DA:190,0
DA:191,0
DA:192,0
DA:203,0
DA:205,0
DA:206,0
DA:216,0
DA:218,0
DA:219,0
DA:221,0
DA:222,0
DA:223,0
DA:224,0
DA:230,0
LF:71
LH:0
BRDA:53,0,0,0
BRDA:53,0,1,0
BRDA:68,1,0,0
BRDA:68,1,1,0
BRDA:70,2,0,0
BRDA:70,2,1,0
BRDA:85,3,0,0
BRDA:85,3,1,0
BRDA:99,4,0,0
BRDA:99,4,1,0
BRDA:102,5,0,0
BRDA:102,5,1,0
BRDA:105,6,0,0
BRDA:105,6,1,0
BRDA:109,7,0,0
BRDA:109,7,1,0
BRDA:109,8,0,0
BRDA:109,8,1,0
BRDA:113,9,0,0
BRDA:113,9,1,0
BRDA:116,10,0,0
BRDA:116,10,1,0
BRDA:137,11,0,0
BRDA:137,11,1,0
BRDA:150,12,0,0
BRDA:150,12,1,0
BRDA:184,13,0,0
BRDA:184,13,1,0
BRDA:216,14,0,0
BRDA:216,14,1,0
BRF:30
BRH:0
end_of_record
TN:
SF:src\hooks\useChatbot.ts
FN:37,useChatbot
FN:47,(anonymous_1)
FN:52,(anonymous_2)
FN:71,(anonymous_3)
FN:83,(anonymous_4)
FN:84,(anonymous_5)
FN:97,(anonymous_6)
FN:112,(anonymous_7)
FN:124,(anonymous_8)
FN:129,(anonymous_9)
FN:142,(anonymous_10)
FN:155,(anonymous_11)
FN:173,(anonymous_12)
FN:205,(anonymous_13)
FN:214,(anonymous_14)
FN:235,(anonymous_15)
FNF:16
FNH:9
FNDA:12,useChatbot
FNDA:11,(anonymous_1)
FNDA:12,(anonymous_2)
FNDA:0,(anonymous_3)
FNDA:0,(anonymous_4)
FNDA:0,(anonymous_5)
FNDA:0,(anonymous_6)
FNDA:0,(anonymous_7)
FNDA:3,(anonymous_8)
FNDA:1,(anonymous_9)
FNDA:0,(anonymous_10)
FNDA:1,(anonymous_11)
FNDA:1,(anonymous_12)
FNDA:6,(anonymous_13)
FNDA:1,(anonymous_14)
FNDA:0,(anonymous_15)
DA:38,12
DA:39,12
DA:40,12
DA:41,12
DA:42,12
DA:43,12
DA:44,12
DA:47,12
DA:48,11
DA:52,12
DA:53,12
DA:54,4
DA:55,4
DA:56,4
DA:57,4
DA:58,4
DA:59,4
DA:67,4
DA:71,12
DA:72,0
DA:73,0
DA:74,0
DA:75,0
DA:82,0
DA:83,0
DA:84,0
DA:93,0
DA:96,0
DA:97,0
DA:107,0
DA:111,12
DA:113,0
DA:114,0
DA:116,0
DA:118,0
DA:123,12
DA:125,3
DA:126,3
DA:128,3
DA:129,1
DA:139,1
DA:141,2
DA:142,0
DA:152,0
DA:154,2
DA:155,1
DA:168,1
DA:171,1
DA:172,3
DA:173,3
DA:177,3
DA:178,3
DA:180,3
DA:181,3
DA:187,3
DA:188,1
DA:190,1
DA:199,1
DA:200,1
DA:201,1
DA:203,1
DA:204,3
DA:205,6
DA:207,3
DA:214,3
DA:225,0
DA:229,0
DA:230,0
DA:231,0
DA:232,0
DA:233,0
DA:235,0
DA:250,1
DA:256,12
LF:74
LH:50
BRDA:48,0,0,11
BRDA:48,0,1,0
BRDA:53,1,0,4
BRDA:53,1,1,8
BRDA:53,2,0,12
BRDA:53,2,1,12
BRDA:56,3,0,4
BRDA:56,3,1,0
BRDA:57,4,0,0
BRDA:57,4,1,4
BRDA:58,5,0,4
BRDA:58,5,1,0
BRDA:72,6,0,0
BRDA:72,6,1,0
BRDA:72,7,0,0
BRDA:72,7,1,0
BRDA:82,8,0,0
BRDA:82,8,1,0
BRDA:113,9,0,0
BRDA:113,9,1,0
BRDA:114,10,0,0
BRDA:114,10,1,0
BRDA:125,11,0,0
BRDA:125,11,1,3
BRDA:126,12,0,3
BRDA:126,12,1,2
BRDA:128,13,0,1
BRDA:128,13,1,2
BRDA:141,14,0,0
BRDA:141,14,1,2
BRDA:154,15,0,1
BRDA:154,15,1,1
BRDA:171,16,0,1
BRDA:171,16,1,0
BRDA:188,17,0,0
BRDA:188,17,1,1
BRDA:200,18,0,0
BRDA:200,18,1,1
BRDA:201,19,0,0
BRDA:201,19,1,1
BRDA:203,20,0,1
BRDA:203,20,1,0
BRDA:207,21,0,0
BRDA:207,21,1,1
BRDA:230,22,0,0
BRDA:230,22,1,0
BRDA:230,23,0,0
BRDA:230,23,1,0
BRDA:231,24,0,0
BRDA:231,24,1,0
BRDA:232,25,0,0
BRDA:232,25,1,0
BRF:52
BRH:22
end_of_record
TN:
SF:src\hooks\useComunicados.ts
FN:19,useComunicados
FN:26,(anonymous_1)
FN:51,(anonymous_2)
FN:52,(anonymous_3)
FN:62,(anonymous_4)
FN:72,(anonymous_5)
FN:76,markAsRead
FN:89,(anonymous_7)
FN:90,(anonymous_8)
FN:95,(anonymous_9)
FNF:10
FNH:0
FNDA:0,useComunicados
FNDA:0,(anonymous_1)
FNDA:0,(anonymous_2)
FNDA:0,(anonymous_3)
FNDA:0,(anonymous_4)
FNDA:0,(anonymous_5)
FNDA:0,markAsRead
FNDA:0,(anonymous_7)
FNDA:0,(anonymous_8)
FNDA:0,(anonymous_9)
DA:20,0
DA:21,0
DA:22,0
DA:23,0
DA:24,0
DA:26,0
DA:27,0
DA:29,0
DA:30,0
DA:31,0
DA:33,0
DA:36,0
DA:42,0
DA:43,0
DA:46,0
DA:48,0
DA:51,0
DA:52,0
DA:53,0
DA:60,0
DA:62,0
DA:63,0
DA:66,0
DA:68,0
DA:72,0
DA:73,0
DA:77,0
DA:79,0
DA:80,0
DA:87,0
DA:89,0
DA:90,0
DA:91,0
DA:95,0
DA:97,0
DA:101,0
LF:36
LH:0
BRDA:27,0,0,0
BRDA:27,0,1,0
BRDA:42,1,0,0
BRDA:42,1,1,0
BRDA:42,2,0,0
BRDA:42,2,1,0
BRDA:48,3,0,0
BRDA:48,3,1,0
BRDA:51,4,0,0
BRDA:51,4,1,0
BRDA:55,5,0,0
BRDA:55,5,1,0
BRDA:66,6,0,0
BRDA:66,6,1,0
BRDA:77,7,0,0
BRDA:77,7,1,0
BRDA:87,8,0,0
BRDA:87,8,1,0
BRDA:87,9,0,0
BRDA:87,9,1,0
BRDA:91,10,0,0
BRDA:91,10,1,0
BRF:22
BRH:0
end_of_record
TN:
SF:src\hooks\useCondominios.ts
FN:15,useCondominios
FN:20,(anonymous_1)
FN:24,loadCondominios
FNF:3
FNH:0
FNDA:0,useCondominios
FNDA:0,(anonymous_1)
FNDA:0,loadCondominios
DA:16,0
DA:17,0
DA:18,0
DA:20,0
DA:21,0
DA:25,0
DA:26,0
DA:27,0
DA:30,0
DA:35,0
DA:37,0
DA:40,0
DA:42,0
DA:46,0
LF:14
LH:0
BRDA:35,0,0,0
BRDA:35,0,1,0
BRDA:37,1,0,0
BRDA:37,1,1,0
BRDA:40,2,0,0
BRDA:40,2,1,0
BRF:6
BRH:0
end_of_record
TN:
SF:src\hooks\useDashboardStats.ts
FN:49,useDashboardStats
FN:54,(anonymous_1)
FN:60,loadStats
FN:101,(anonymous_3)
FN:116,(anonymous_4)
FN:117,(anonymous_5)
FN:133,(anonymous_6)
FN:134,(anonymous_7)
FNF:8
FNH:8
FNDA:8,useDashboardStats
FNDA:4,(anonymous_1)
FNDA:5,loadStats
FNDA:7,(anonymous_3)
FNDA:9,(anonymous_4)
FNDA:9,(anonymous_5)
FNDA:3,(anonymous_6)
FNDA:9,(anonymous_7)
DA:30,2
DA:50,8
DA:51,8
DA:52,8
DA:54,8
DA:55,4
DA:56,4
DA:61,5
DA:62,5
DA:66,5
DA:74,5
DA:78,5
DA:79,4
DA:81,4
DA:83,4
DA:84,4
DA:88,5
DA:89,5
DA:92,5
DA:95,5
DA:101,7
DA:104,5
DA:105,5
DA:111,3
DA:116,9
DA:117,9
DA:120,5
DA:125,3
DA:126,3
DA:127,3
DA:128,3
DA:133,3
DA:134,9
DA:137,3
DA:158,2
DA:160,5
DA:164,8
LF:37
LH:37
BRDA:55,0,0,4
BRDA:55,0,1,0
BRDA:78,1,0,4
BRDA:78,1,1,1
BRDA:83,2,0,4
BRDA:83,2,1,0
BRDA:101,3,0,4
BRDA:101,3,1,0
BRDA:116,4,0,3
BRDA:116,4,1,0
BRDA:117,5,0,5
BRDA:117,5,1,0
BRDA:126,6,0,3
BRDA:126,6,1,0
BRDA:133,7,0,3
BRDA:133,7,1,0
BRDA:134,8,0,3
BRDA:134,8,1,0
BRDA:138,9,0,3
BRDA:138,9,1,0
BRDA:141,10,0,5
BRDA:141,10,1,0
BRDA:145,11,0,5
BRDA:145,11,1,0
BRF:24
BRH:13
end_of_record
TN:
SF:src\hooks\useDespesaCategories.ts
FN:15,useDespesaCategories
FN:20,(anonymous_1)
FN:24,loadCategories
FNF:3
FNH:0
FNDA:0,useDespesaCategories
FNDA:0,(anonymous_1)
FNDA:0,loadCategories
DA:16,0
DA:17,0
DA:18,0
DA:20,0
DA:21,0
DA:25,0
DA:26,0
DA:27,0
DA:29,0
DA:34,0
DA:36,0
DA:38,0
DA:40,0
DA:44,0
LF:14
LH:0
BRDA:34,0,0,0
BRDA:34,0,1,0
BRDA:36,1,0,0
BRDA:36,1,1,0
BRDA:38,2,0,0
BRDA:38,2,1,0
BRF:6
BRH:0
end_of_record
TN:
SF:src\hooks\useDespesas.ts
FN:16,useDespesas
FN:21,(anonymous_1)
FN:25,loadDespesas
FNF:3
FNH:0
FNDA:0,useDespesas
FNDA:0,(anonymous_1)
FNDA:0,loadDespesas
DA:17,0
DA:18,0
DA:19,0
DA:21,0
DA:22,0
DA:26,0
DA:27,0
DA:28,0
DA:33,0
DA:47,0
DA:49,0
DA:51,0
DA:52,0
DA:54,0
DA:58,0
LF:15
LH:0
BRDA:47,0,0,0
BRDA:47,0,1,0
BRDA:49,1,0,0
BRDA:49,1,1,0
BRDA:52,2,0,0
BRDA:52,2,1,0
BRF:6
BRH:0
end_of_record
TN:
SF:src\hooks\useFAQs.ts
FN:45,useFAQs
FN:50,(anonymous_1)
FN:51,loadFAQs
FN:82,(anonymous_3)
FN:84,(anonymous_4)
FN:88,(anonymous_5)
FNF:6
FNH:0
FNDA:0,useFAQs
FNDA:0,(anonymous_1)
FNDA:0,loadFAQs
FNDA:0,(anonymous_3)
FNDA:0,(anonymous_4)
FNDA:0,(anonymous_5)
DA:46,0
DA:47,0
DA:48,0
DA:50,0
DA:52,0
DA:53,0
DA:54,0
DA:57,0
DA:62,0
DA:65,0
DA:71,0
DA:72,0
DA:77,0
DA:79,0
DA:82,0
DA:84,0
DA:88,0
DA:89,0
DA:90,0
DA:101,0
DA:103,0
DA:105,0
DA:109,0
DA:112,0
LF:24
LH:0
BRDA:62,0,0,0
BRDA:62,0,1,0
BRDA:71,1,0,0
BRDA:71,1,1,0
BRDA:71,2,0,0
BRDA:71,2,1,0
BRDA:79,3,0,0
BRDA:79,3,1,0
BRDA:82,4,0,0
BRDA:82,4,1,0
BRDA:84,5,0,0
BRDA:84,5,1,0
BRDA:88,6,0,0
BRDA:88,6,1,0
BRDA:89,7,0,0
BRDA:89,7,1,0
BRDA:103,8,0,0
BRDA:103,8,1,0
BRF:18
BRH:0
end_of_record
TN:
SF:src\hooks\useKeyboardNavigation.ts
FN:7,useFocusTrap
FN:10,(anonymous_1)
FN:24,handleKeyDown
FN:43,(anonymous_3)
FN:52,useEscapeKey
FN:53,(anonymous_5)
FN:56,handleEscape
FN:63,(anonymous_7)
FN:71,useKeyboardShortcuts
FN:72,(anonymous_9)
FN:73,handleKeyDown
FN:94,(anonymous_11)
FN:101,useBodyScrollLock
FN:102,(anonymous_13)
FN:112,(anonymous_14)
FNF:15
FNH:0
FNDA:0,useFocusTrap
FNDA:0,(anonymous_1)
FNDA:0,handleKeyDown
FNDA:0,(anonymous_3)
FNDA:0,useEscapeKey
FNDA:0,(anonymous_5)
FNDA:0,handleEscape
FNDA:0,(anonymous_7)
FNDA:0,useKeyboardShortcuts
FNDA:0,(anonymous_9)
FNDA:0,handleKeyDown
FNDA:0,(anonymous_11)
FNDA:0,useBodyScrollLock
FNDA:0,(anonymous_13)
FNDA:0,(anonymous_14)
DA:8,0
DA:10,0
DA:11,0
DA:13,0
DA:14,0
DA:18,0
DA:19,0
DA:22,0
DA:25,0
DA:27,0
DA:29,0
DA:30,0
DA:31,0
DA:35,0
DA:36,0
DA:37,0
DA:42,0
DA:43,0
DA:46,0
DA:53,0
DA:54,0
DA:57,0
DA:58,0
DA:62,0
DA:63,0
DA:72,0
DA:75,0
DA:79,0
DA:83,0
DA:84,0
DA:85,0
DA:86,0
DA:87,0
DA:88,0
DA:93,0
DA:94,0
DA:102,0
DA:103,0
DA:104,0
DA:105,0
DA:106,0
DA:108,0
DA:109,0
DA:112,0
DA:113,0
DA:114,0
LF:46
LH:0
BRDA:11,0,0,0
BRDA:11,0,1,0
BRDA:11,1,0,0
BRDA:11,1,1,0
BRDA:25,2,0,0
BRDA:25,2,1,0
BRDA:27,3,0,0
BRDA:27,3,1,0
BRDA:29,4,0,0
BRDA:29,4,1,0
BRDA:35,5,0,0
BRDA:35,5,1,0
BRDA:54,6,0,0
BRDA:54,6,1,0
BRDA:57,7,0,0
BRDA:57,7,1,0
BRDA:75,8,0,0
BRDA:75,8,1,0
BRDA:76,9,0,0
BRDA:76,9,1,0
BRDA:83,10,0,0
BRDA:83,10,1,0
BRDA:86,11,0,0
BRDA:86,11,1,0
BRDA:103,12,0,0
BRDA:103,12,1,0
BRF:26
BRH:0
end_of_record
TN:
SF:src\hooks\useOcorrencias.ts
FN:18,useOcorrencias
FN:29,(anonymous_1)
FN:33,loadData
FNF:3
FNH:0
FNDA:0,useOcorrencias
FNDA:0,(anonymous_1)
FNDA:0,loadData
DA:19,0
DA:20,0
DA:26,0
DA:27,0
DA:29,0
DA:30,0
DA:34,0
DA:35,0
DA:36,0
DA:38,0
DA:43,0
DA:44,0
DA:47,0
DA:48,0
DA:49,0
DA:51,0
DA:56,0
DA:61,0
DA:62,0
DA:63,0
DA:65,0
DA:72,0
DA:80,0
DA:82,0
DA:86,0
LF:25
LH:0
BRDA:43,0,0,0
BRDA:43,0,1,0
BRDA:43,1,0,0
BRDA:43,1,1,0
BRDA:48,2,0,0
BRDA:48,2,1,0
BRDA:49,3,0,0
BRDA:49,3,1,0
BRDA:73,4,0,0
BRDA:73,4,1,0
BRDA:74,5,0,0
BRDA:74,5,1,0
BRDA:75,6,0,0
BRDA:75,6,1,0
BRDA:76,7,0,0
BRDA:76,7,1,0
BRDA:80,8,0,0
BRDA:80,8,1,0
BRF:18
BRH:0
end_of_record
TN:
SF:src\hooks\usePushNotifications.ts
FN:12,urlBase64ToUint8Array
FN:39,usePushNotifications
FN:45,(anonymous_2)
FN:53,checkSubscription
FN:70,subscribe
FN:122,unsubscribe
FNF:6
FNH:0
FNDA:0,urlBase64ToUint8Array
FNDA:0,usePushNotifications
FNDA:0,(anonymous_2)
FNDA:0,checkSubscription
FNDA:0,subscribe
FNDA:0,unsubscribe
DA:9,0
DA:13,0
DA:14,0
DA:18,0
DA:19,0
DA:21,0
DA:22,0
DA:24,0
DA:40,0
DA:41,0
DA:42,0
DA:43,0
DA:45,0
DA:47,0
DA:48,0
DA:49,0
DA:54,0
DA:56,0
DA:57,0
DA:58,0
DA:62,0
DA:63,0
DA:66,0
DA:71,0
DA:72,0
DA:74,0
DA:76,0
DA:77,0
DA:79,0
DA:80,0
DA:84,0
DA:88,0
DA:93,0
DA:97,0
DA:104,0
DA:106,0
DA:107,0
DA:110,0
DA:112,0
DA:113,0
DA:115,0
DA:117,0
DA:123,0
DA:124,0
DA:125,0
DA:126,0
DA:128,0
DA:130,0
DA:135,0
DA:136,0
DA:139,0
DA:141,0
DA:145,0
LF:53
LH:0
BRDA:47,0,0,0
BRDA:47,0,1,0
BRDA:47,1,0,0
BRDA:47,1,1,0
BRDA:54,2,0,0
BRDA:54,2,1,0
BRDA:54,3,0,0
BRDA:54,3,1,0
BRDA:62,4,0,0
BRDA:62,4,1,0
BRDA:71,5,0,0
BRDA:71,5,1,0
BRDA:79,6,0,0
BRDA:79,6,1,0
BRDA:104,7,0,0
BRDA:104,7,1,0
BRDA:104,8,0,0
BRDA:104,8,1,0
BRDA:113,9,0,0
BRDA:113,9,1,0
BRDA:128,10,0,0
BRDA:128,10,1,0
BRDA:146,11,0,0
BRDA:146,11,1,0
BRF:24
BRH:0
end_of_record
TN:
SF:src\hooks\useVotacoes.ts
FN:36,useVotacoes
FN:42,(anonymous_1)
FN:48,loadVotacoes
FN:67,(anonymous_3)
FN:90,(anonymous_4)
FN:121,votar
FN:129,(anonymous_6)
FNF:7
FNH:7
FNDA:13,useVotacoes
FNDA:6,(anonymous_1)
FNDA:7,loadVotacoes
FNDA:10,(anonymous_3)
FNDA:12,(anonymous_4)
FNDA:3,votar
FNDA:4,(anonymous_6)
DA:37,13
DA:38,13
DA:39,13
DA:40,13
DA:42,13
DA:43,6
DA:44,6
DA:49,7
DA:50,7
DA:51,7
DA:54,7
DA:60,7
DA:61,7
DA:63,6
DA:66,6
DA:68,10
DA:72,10
DA:76,10
DA:77,10
DA:78,10
DA:85,10
DA:89,10
DA:90,12
DA:93,10
DA:104,6
DA:107,1
DA:108,1
DA:109,1
DA:111,7
DA:122,3
DA:123,0
DA:124,0
DA:127,3
DA:129,4
DA:130,3
DA:131,2
DA:132,2
DA:136,1
DA:137,0
DA:138,0
DA:141,1
DA:143,1
DA:149,1
DA:151,0
DA:152,0
DA:153,0
DA:154,0
DA:156,0
DA:160,1
DA:161,1
DA:164,1
DA:165,1
DA:167,0
DA:168,0
DA:169,0
DA:173,13
LF:56
LH:44
BRDA:36,0,0,13
BRDA:43,1,0,6
BRDA:43,1,1,0
BRDA:61,2,0,1
BRDA:61,2,1,6
BRDA:67,3,0,6
BRDA:67,3,1,0
BRDA:68,4,0,6
BRDA:68,4,1,4
BRDA:77,5,0,10
BRDA:77,5,1,0
BRDA:85,6,0,8
BRDA:85,6,1,2
BRDA:89,7,0,8
BRDA:89,7,1,2
BRDA:96,8,0,10
BRDA:96,8,1,0
BRDA:108,9,0,1
BRDA:108,9,1,0
BRDA:122,10,0,0
BRDA:122,10,1,3
BRDA:130,11,0,2
BRDA:130,11,1,1
BRDA:136,12,0,0
BRDA:136,12,1,1
BRDA:149,13,0,0
BRDA:149,13,1,1
BRDA:151,14,0,0
BRDA:151,14,1,0
BRDA:168,15,0,0
BRDA:168,15,1,0
BRF:31
BRH:19
end_of_record
TN:
SF:src\hooks\queries\assembleias.ts
FN:6,useAssembleiasQuery
FN:12,(anonymous_1)
FNF:2
FNH:1
FNDA:2,useAssembleiasQuery
FNDA:0,(anonymous_1)
DA:7,2
DA:8,2
DA:10,2
DA:13,0
DA:14,0
DA:19,0
DA:20,0
LF:7
LH:3
BRDA:13,0,0,0
BRDA:13,0,1,0
BRDA:19,1,0,0
BRDA:19,1,1,0
BRDA:20,2,0,0
BRDA:20,2,1,0
BRF:6
BRH:0
end_of_record
TN:
SF:src\hooks\queries\chamados.ts
FN:28,useChamadosQuery
FN:33,(anonymous_1)
FN:67,useCreateChamado
FN:72,(anonymous_3)
FN:92,(anonymous_4)
FN:96,(anonymous_5)
FN:104,(anonymous_6)
FN:117,useUpdateChamadoStatus
FN:122,(anonymous_8)
FN:152,(anonymous_9)
FN:162,(anonymous_10)
FN:163,(anonymous_11)
FN:172,(anonymous_12)
FN:175,(anonymous_13)
FN:183,(anonymous_14)
FN:196,useCloseChamado
FN:200,(anonymous_16)
FN:206,(anonymous_17)
FN:218,useChamadosCountByStatus
FN:221,(anonymous_19)
FN:230,useChamadosRealtime
FN:246,(anonymous_21)
FN:253,(anonymous_22)
FN:259,(anonymous_23)
FN:260,(anonymous_24)
FN:276,(anonymous_25)
FN:276,(anonymous_26)
FN:286,(anonymous_27)
FNF:28
FNH:18
FNDA:7,useChamadosQuery
FNDA:4,(anonymous_1)
FNDA:4,useCreateChamado
FNDA:2,(anonymous_3)
FNDA:1,(anonymous_4)
FNDA:1,(anonymous_5)
FNDA:1,(anonymous_6)
FNDA:4,useUpdateChamadoStatus
FNDA:2,(anonymous_8)
FNDA:2,(anonymous_9)
FNDA:2,(anonymous_10)
FNDA:0,(anonymous_11)
FNDA:2,(anonymous_12)
FNDA:0,(anonymous_13)
FNDA:2,(anonymous_14)
FNDA:2,useCloseChamado
FNDA:1,(anonymous_16)
FNDA:1,(anonymous_17)
FNDA:3,useChamadosCountByStatus
FNDA:3,(anonymous_19)
FNDA:0,useChamadosRealtime
FNDA:0,(anonymous_21)
FNDA:0,(anonymous_22)
FNDA:0,(anonymous_23)
FNDA:0,(anonymous_24)
FNDA:0,(anonymous_25)
FNDA:0,(anonymous_26)
FNDA:0,(anonymous_27)
DA:29,7
DA:31,7
DA:34,4
DA:35,0
DA:38,4
DA:45,4
DA:46,1
DA:49,3
DA:51,3
DA:53,3
DA:68,4
DA:69,4
DA:71,4
DA:73,2
DA:74,1
DA:77,1
DA:88,1
DA:90,1
DA:94,1
DA:96,1
DA:100,1
DA:102,1
DA:105,1
DA:106,1
DA:118,4
DA:119,4
DA:121,4
DA:129,2
DA:135,2
DA:136,1
DA:139,2
DA:147,2
DA:149,2
DA:154,2
DA:157,2
DA:160,2
DA:163,2
DA:164,0
DA:170,2
DA:173,2
DA:177,0
DA:178,0
DA:180,0
DA:181,0
DA:185,2
DA:197,2
DA:199,2
DA:201,1
DA:207,1
DA:219,3
DA:221,3
DA:231,0
DA:232,0
DA:234,0
DA:236,0
DA:247,0
DA:249,0
DA:251,0
DA:253,0
DA:255,0
DA:257,0
DA:260,0
DA:261,0
DA:266,0
DA:267,0
DA:269,0
DA:270,0
DA:272,0
DA:274,0
DA:276,0
DA:281,0
DA:286,0
DA:287,0
LF:73
LH:45
BRDA:34,0,0,0
BRDA:34,0,1,4
BRDA:45,1,0,1
BRDA:45,1,1,3
BRDA:45,2,0,4
BRDA:45,2,1,1
BRDA:51,3,0,0
BRDA:51,3,1,3
BRDA:73,4,0,1
BRDA:73,4,1,1
BRDA:88,5,0,0
BRDA:88,5,1,1
BRDA:96,6,0,0
BRDA:96,6,1,1
BRDA:135,7,0,1
BRDA:135,7,1,1
BRDA:147,8,0,0
BRDA:147,8,1,2
BRDA:164,9,0,0
BRDA:164,9,1,0
BRDA:177,10,0,0
BRDA:177,10,1,0
BRDA:219,11,0,3
BRDA:234,12,0,0
BRDA:234,12,1,0
BRDA:249,13,0,0
BRDA:249,13,1,0
BRDA:253,14,0,0
BRDA:253,14,1,0
BRDA:255,15,0,0
BRDA:255,15,1,0
BRDA:261,16,0,0
BRDA:261,16,1,0
BRDA:266,17,0,0
BRDA:266,17,1,0
BRDA:266,18,0,0
BRDA:266,18,1,0
BRDA:269,19,0,0
BRDA:269,19,1,0
BRDA:272,20,0,0
BRDA:272,20,1,0
BRF:41
BRH:14
end_of_record
TN:
SF:src\hooks\queries\comunicados.ts
FN:9,useComunicadosQuery
FN:15,(anonymous_1)
FN:31,(anonymous_2)
FN:32,(anonymous_3)
FN:51,useMarkComunicadoAsRead
FN:56,(anonymous_5)
FN:67,(anonymous_6)
FN:73,(anonymous_7)
FN:75,(anonymous_8)
FN:80,(anonymous_9)
FN:83,(anonymous_10)
FN:88,(anonymous_11)
FN:98,useUnreadComunicadosCount
FN:100,(anonymous_13)
FNF:14
FNH:10
FNDA:7,useComunicadosQuery
FNDA:4,(anonymous_1)
FNDA:2,(anonymous_2)
FNDA:1,(anonymous_3)
FNDA:4,useMarkComunicadoAsRead
FNDA:2,(anonymous_5)
FNDA:2,(anonymous_6)
FNDA:0,(anonymous_7)
FNDA:0,(anonymous_8)
FNDA:1,(anonymous_9)
FNDA:0,(anonymous_10)
FNDA:2,(anonymous_11)
FNDA:2,useUnreadComunicadosCount
FNDA:0,(anonymous_13)
DA:10,7
DA:11,7
DA:13,7
DA:16,4
DA:18,4
DA:24,4
DA:25,1
DA:28,4
DA:29,4
DA:31,4
DA:32,2
DA:33,2
DA:40,4
DA:52,4
DA:53,4
DA:55,4
DA:57,2
DA:59,1
DA:64,1
DA:65,1
DA:69,2
DA:71,2
DA:73,2
DA:74,0
DA:75,0
DA:78,2
DA:82,1
DA:83,1
DA:84,0
DA:90,2
DA:99,2
DA:100,2
LF:32
LH:29
BRDA:16,0,0,0
BRDA:16,0,1,4
BRDA:24,1,0,1
BRDA:24,1,1,3
BRDA:24,2,0,4
BRDA:24,2,1,1
BRDA:29,3,0,0
BRDA:29,3,1,4
BRDA:31,4,0,4
BRDA:31,4,1,3
BRDA:35,5,0,2
BRDA:35,5,1,0
BRDA:57,6,0,1
BRDA:57,6,1,1
BRDA:64,7,0,0
BRDA:64,7,1,1
BRDA:64,8,0,1
BRDA:64,8,1,0
BRDA:74,9,0,0
BRDA:74,9,1,0
BRDA:75,10,0,0
BRDA:75,10,1,0
BRDA:82,11,0,1
BRDA:82,11,1,0
BRDA:99,12,0,2
BRF:25
BRH:15
end_of_record
TN:
SF:src\lib\lazyTools.ts
FN:4,loadJsPDF
FN:9,loadQRCodeCanvas
FNF:2
FNH:0
FNDA:0,loadJsPDF
FNDA:0,loadQRCodeCanvas
DA:5,0
DA:6,0
DA:10,0
DA:11,0
LF:4
LH:0
BRF:0
BRH:0
end_of_record
TN:
SF:src\lib\logger.ts
FN:26,(anonymous_0)
FN:35,(anonymous_1)
FN:43,(anonymous_2)
FN:51,(anonymous_3)
FN:71,(anonymous_4)
FN:82,(anonymous_5)
FN:109,usePerformanceTimer
FN:113,(anonymous_7)
FN:116,(anonymous_8)
FNF:9
FNH:7
FNDA:7,(anonymous_0)
FNDA:1,(anonymous_1)
FNDA:1,(anonymous_2)
FNDA:2,(anonymous_3)
FNDA:1,(anonymous_4)
FNDA:4,(anonymous_5)
FNDA:7,usePerformanceTimer
FNDA:0,(anonymous_7)
FNDA:0,(anonymous_8)
DA:20,7
DA:21,7
DA:27,7
DA:28,7
DA:36,1
DA:37,1
DA:44,1
DA:45,1
DA:52,2
DA:53,2
DA:55,2
DA:61,2
DA:72,1
DA:73,1
DA:75,1
DA:83,4
DA:85,0
DA:86,0
DA:87,0
DA:88,0
DA:90,0
DA:98,7
DA:110,7
DA:112,7
DA:114,0
DA:117,0
DA:118,0
DA:119,0
DA:120,0
DA:121,0
DA:128,7
DA:129,7
DA:130,7
DA:131,7
LF:34
LH:23
BRDA:27,0,0,7
BRDA:27,0,1,0
BRDA:28,1,0,7
BRDA:28,1,1,0
BRDA:36,2,0,1
BRDA:36,2,1,1
BRDA:44,3,0,1
BRDA:44,3,1,1
BRDA:52,4,0,2
BRDA:52,4,1,0
BRDA:53,5,0,2
BRDA:53,5,1,0
BRDA:72,6,0,0
BRDA:72,6,1,1
BRDA:73,7,0,0
BRDA:73,7,1,1
BRDA:75,8,0,1
BRDA:75,8,1,1
BRDA:83,9,0,0
BRDA:83,9,1,4
BRDA:83,10,0,4
BRDA:83,10,1,0
BRDA:85,11,0,0
BRDA:85,11,1,0
BRDA:85,12,0,0
BRDA:85,12,1,0
BRDA:87,13,0,0
BRDA:87,13,1,0
BRDA:118,14,0,0
BRDA:118,14,1,0
BRDA:128,15,0,7
BRDA:128,15,1,0
BRF:32
BRH:15
end_of_record
TN:
SF:src\lib\pdfExportAssembleias.ts
FN:8,exportarResultadosAssembleiaPDF
FN:41,(anonymous_1)
FN:49,(anonymous_2)
FN:59,(anonymous_3)
FN:60,(anonymous_4)
FN:78,(anonymous_5)
FN:131,(anonymous_6)
FN:150,(anonymous_7)
FNF:8
FNH:0
FNDA:0,exportarResultadosAssembleiaPDF
FNDA:0,(anonymous_1)
FNDA:0,(anonymous_2)
FNDA:0,(anonymous_3)
FNDA:0,(anonymous_4)
FNDA:0,(anonymous_5)
FNDA:0,(anonymous_6)
FNDA:0,(anonymous_7)
DA:9,0
DA:11,0
DA:17,0
DA:18,0
DA:21,0
DA:27,0
DA:30,0
DA:32,0
DA:33,0
DA:38,0
DA:39,0
DA:41,0
DA:42,0
DA:45,0
DA:49,0
DA:58,0
DA:59,0
DA:60,0
DA:61,0
DA:62,0
DA:66,0
DA:70,0
DA:71,0
DA:72,0
DA:73,0
DA:74,0
DA:75,0
DA:78,0
DA:79,0
DA:80,0
DA:81,0
DA:82,0
DA:84,0
DA:88,0
DA:89,0
DA:90,0
DA:91,0
DA:93,0
DA:94,0
DA:95,0
DA:96,0
DA:98,0
DA:99,0
DA:100,0
DA:104,0
DA:105,0
DA:108,0
DA:109,0
DA:110,0
DA:113,0
DA:114,0
DA:116,0
DA:119,0
DA:120,0
DA:121,0
DA:122,0
DA:123,0
DA:126,0
DA:127,0
DA:128,0
DA:129,0
DA:130,0
DA:131,0
DA:132,0
DA:133,0
DA:134,0
DA:136,0
DA:140,0
DA:141,0
DA:142,0
DA:143,0
DA:144,0
DA:147,0
DA:148,0
DA:150,0
DA:151,0
DA:153,0
DA:156,0
DA:157,0
DA:158,0
DA:159,0
DA:161,0
DA:162,0
DA:165,0
DA:166,0
DA:169,0
DA:170,0
DA:171,0
DA:172,0
DA:175,0
DA:176,0
DA:179,0
DA:180,0
DA:181,0
DA:183,0
DA:185,0
DA:188,0
DA:189,0
DA:190,0
DA:191,0
DA:193,0
DA:196,0
DA:199,0
DA:200,0
DA:201,0
DA:202,0
DA:203,0
DA:208,0
DA:209,0
DA:210,0
DA:211,0
DA:212,0
DA:213,0
DA:216,0
DA:221,0
DA:223,0
DA:225,0
DA:226,0
LF:118
LH:0
BRDA:17,0,0,0
BRDA:17,0,1,0
BRDA:18,1,0,0
BRDA:18,1,1,0
BRDA:27,2,0,0
BRDA:27,2,1,0
BRDA:32,3,0,0
BRDA:32,3,1,0
BRDA:38,4,0,0
BRDA:38,4,1,0
BRDA:42,5,0,0
BRDA:42,5,1,0
BRDA:51,6,0,0
BRDA:51,6,1,0
BRDA:52,7,0,0
BRDA:52,7,1,0
BRDA:52,8,0,0
BRDA:52,8,1,0
BRDA:58,9,0,0
BRDA:58,9,1,0
BRDA:61,10,0,0
BRDA:61,10,1,0
BRDA:79,11,0,0
BRDA:79,11,1,0
BRDA:126,12,0,0
BRDA:126,12,1,0
BRDA:157,13,0,0
BRDA:157,13,1,0
BRDA:165,14,0,0
BRDA:165,14,1,0
BRDA:180,15,0,0
BRDA:180,15,1,0
BRDA:199,16,0,0
BRDA:199,16,1,0
BRF:34
BRH:0
end_of_record
TN:
SF:src\lib\pdfUtils.ts
FN:8,extractTextFromPDF
FN:24,(anonymous_1)
FNF:2
FNH:0
FNDA:0,extractTextFromPDF
FNDA:0,(anonymous_1)
DA:6,0
DA:9,0
DA:10,0
DA:13,0
DA:14,0
DA:16,0
DA:19,0
DA:20,0
DA:21,0
DA:23,0
DA:24,0
DA:27,0
DA:30,0
DA:33,0
DA:35,0
DA:36,0
DA:38,0
DA:39,0
DA:42,0
LF:19
LH:0
BRDA:35,0,0,0
BRDA:35,0,1,0
BRDA:38,1,0,0
BRDA:38,1,1,0
BRF:4
BRH:0
end_of_record
TN:
SF:src\lib\sanitize.ts
FN:17,sanitizeHTML
FN:58,sanitizeText
FN:71,sanitizeMarkdown
FNF:3
FNH:3
FNDA:5,sanitizeHTML
FNDA:2,sanitizeText
FNDA:2,sanitizeMarkdown
DA:24,5
DA:42,5
DA:59,2
DA:72,2
LF:4
LH:4
BRDA:25,0,0,5
BRDA:25,0,1,5
BRDA:29,1,0,5
BRDA:29,1,1,5
BRF:4
BRH:4
end_of_record
TN:
SF:src\lib\schemas.ts
FN:7,(anonymous_0)
FN:11,(anonymous_1)
FNF:2
FNH:0
FNDA:0,(anonymous_0)
FNDA:0,(anonymous_1)
DA:4,0
DA:7,0
DA:11,0
LF:3
LH:0
BRF:0
BRH:0
end_of_record
TN:
SF:src\lib\sentry.ts
FN:21,initializeSentry
FN:79,(anonymous_1)
FN:116,captureError
FN:128,captureMessage
FN:136,setTag
FNF:5
FNH:0
FNDA:0,initializeSentry
FNDA:0,(anonymous_1)
FNDA:0,captureError
FNDA:0,captureMessage
FNDA:0,setTag
DA:22,0
DA:23,0
DA:26,0
DA:27,0
DA:28,0
DA:29,0
DA:31,0
DA:34,0
DA:35,0
DA:81,0
DA:82,0
DA:83,0
DA:87,0
DA:92,0
DA:93,0
DA:94,0
DA:95,0
DA:96,0
DA:106,0
DA:108,0
DA:117,0
DA:129,0
DA:137,0
LF:23
LH:0
BRDA:23,0,0,0
BRDA:23,0,1,0
BRDA:26,1,0,0
BRDA:26,1,1,0
BRDA:27,2,0,0
BRDA:27,2,1,0
BRDA:40,3,0,0
BRDA:40,3,1,0
BRDA:43,4,0,0
BRDA:43,4,1,0
BRDA:44,5,0,0
BRDA:44,5,1,0
BRDA:47,6,0,0
BRDA:47,6,1,0
BRDA:81,7,0,0
BRDA:81,7,1,0
BRDA:81,8,0,0
BRDA:81,8,1,0
BRDA:82,9,0,0
BRDA:82,9,1,0
BRDA:93,10,0,0
BRDA:93,10,1,0
BRDA:128,11,0,0
BRF:23
BRH:0
end_of_record
TN:
SF:src\lib\supabase.ts
FN:29,(anonymous_0)
FNF:1
FNH:1
FNDA:4,(anonymous_0)
DA:3,4
DA:4,4
DA:7,4
DA:8,0
DA:9,0
DA:10,0
DA:12,0
DA:18,4
DA:28,4
DA:29,4
DA:30,4
LF:11
LH:7
BRDA:7,0,0,0
BRDA:7,0,1,4
BRDA:7,1,0,4
BRDA:7,1,1,4
BRDA:9,2,0,0
BRDA:9,2,1,0
BRDA:10,3,0,0
BRDA:10,3,1,0
BRDA:28,4,0,4
BRDA:28,4,1,0
BRF:10
BRH:4
end_of_record
TN:
SF:src\lib\utils.ts
FN:1,formatCurrency
FN:8,formatDate
FN:16,formatDateTime
FN:26,cn
FNF:4
FNH:2
FNDA:34,formatCurrency
FNDA:0,formatDate
FNDA:57,formatDateTime
FNDA:0,cn
DA:2,34
DA:9,0
DA:17,57
DA:27,0
LF:4
LH:2
BRF:0
BRH:0
end_of_record
TN:
SF:src\pages\AssembleiaDetalhes.tsx
FN:14,AssembleiaDetalhes
FN:31,(anonymous_1)
FN:38,loadData
FN:60,(anonymous_3)
FN:88,setupRealtimeSubscription
FN:102,(anonymous_5)
FN:108,(anonymous_6)
FN:113,handleRegistrarPresenca
FN:126,handleExportarPDF
FN:146,(anonymous_9)
FN:148,(anonymous_10)
FN:149,(anonymous_11)
FN:150,(anonymous_12)
FN:154,handleVotar
FN:161,formatDateTime
FN:175,(anonymous_15)
FN:228,(anonymous_16)
FN:272,(anonymous_17)
FN:289,(anonymous_18)
FN:306,(anonymous_19)
FN:330,(anonymous_20)
FN:349,(anonymous_21)
FN:371,(anonymous_22)
FN:382,(anonymous_23)
FN:383,(anonymous_24)
FN:386,(anonymous_25)
FN:402,(anonymous_26)
FNF:27
FNH:0
FNDA:0,AssembleiaDetalhes
FNDA:0,(anonymous_1)
FNDA:0,loadData
FNDA:0,(anonymous_3)
FNDA:0,setupRealtimeSubscription
FNDA:0,(anonymous_5)
FNDA:0,(anonymous_6)
FNDA:0,handleRegistrarPresenca
FNDA:0,handleExportarPDF
FNDA:0,(anonymous_9)
FNDA:0,(anonymous_10)
FNDA:0,(anonymous_11)
FNDA:0,(anonymous_12)
FNDA:0,handleVotar
FNDA:0,formatDateTime
FNDA:0,(anonymous_15)
FNDA:0,(anonymous_16)
FNDA:0,(anonymous_17)
FNDA:0,(anonymous_18)
FNDA:0,(anonymous_19)
FNDA:0,(anonymous_20)
FNDA:0,(anonymous_21)
FNDA:0,(anonymous_22)
FNDA:0,(anonymous_23)
FNDA:0,(anonymous_24)
FNDA:0,(anonymous_25)
FNDA:0,(anonymous_26)
DA:15,0
DA:16,0
DA:17,0
DA:18,0
DA:20,0
DA:21,0
DA:22,0
DA:23,0
DA:24,0
DA:25,0
DA:26,0
DA:27,0
DA:28,0
DA:29,0
DA:31,0
DA:32,0
DA:33,0
DA:34,0
DA:39,0
DA:41,0
DA:42,0
DA:44,0
DA:50,0
DA:51,0
DA:55,0
DA:56,0
DA:59,0
DA:60,0
DA:61,0
DA:65,0
DA:66,0
DA:69,0
DA:70,0
DA:71,0
DA:72,0
DA:73,0
DA:74,0
DA:78,0
DA:81,0
DA:82,0
DA:84,0
DA:89,0
DA:92,0
DA:103,0
DA:108,0
DA:109,0
DA:114,0
DA:116,0
DA:117,0
DA:118,0
DA:120,0
DA:121,0
DA:122,0
DA:127,0
DA:129,0
DA:130,0
DA:132,0
DA:133,0
DA:135,0
DA:136,0
DA:138,0
DA:139,0
DA:141,0
DA:146,0
DA:147,0
DA:148,0
DA:149,0
DA:150,0
DA:155,0
DA:156,0
DA:157,0
DA:162,0
DA:171,0
DA:172,0
DA:174,0
DA:175,0
DA:177,0
DA:228,0
DA:273,0
DA:290,0
DA:307,0
DA:331,0
DA:350,0
DA:371,0
DA:382,0
DA:383,0
DA:386,0
DA:402,0
LF:88
LH:0
BRDA:32,0,0,0
BRDA:32,0,1,0
BRDA:39,1,0,0
BRDA:39,1,1,0
BRDA:50,2,0,0
BRDA:50,2,1,0
BRDA:59,3,0,0
BRDA:59,3,1,0
BRDA:71,4,0,0
BRDA:71,4,1,0
BRDA:73,5,0,0
BRDA:73,5,1,0
BRDA:89,6,0,0
BRDA:89,6,1,0
BRDA:114,7,0,0
BRDA:114,7,1,0
BRDA:120,8,0,0
BRDA:120,8,1,0
BRDA:127,9,0,0
BRDA:127,9,1,0
BRDA:138,10,0,0
BRDA:138,10,1,0
BRDA:147,11,0,0
BRDA:147,11,1,0
BRDA:147,12,0,0
BRDA:147,12,1,0
BRDA:156,13,0,0
BRDA:156,13,1,0
BRDA:171,14,0,0
BRDA:171,14,1,0
BRDA:172,15,0,0
BRDA:172,15,1,0
BRDA:174,16,0,0
BRDA:174,16,1,0
BRDA:187,17,0,0
BRDA:187,17,1,0
BRDA:189,18,0,0
BRDA:189,18,1,0
BRDA:197,19,0,0
BRDA:197,19,1,0
BRDA:198,20,0,0
BRDA:198,20,1,0
BRDA:199,21,0,0
BRDA:199,21,1,0
BRDA:200,22,0,0
BRDA:200,22,1,0
BRDA:203,23,0,0
BRDA:203,23,1,0
BRDA:204,24,0,0
BRDA:204,24,1,0
BRDA:205,25,0,0
BRDA:205,25,1,0
BRDA:206,26,0,0
BRDA:206,26,1,0
BRDA:211,27,0,0
BRDA:211,27,1,0
BRDA:211,28,0,0
BRDA:211,28,1,0
BRDA:217,29,0,0
BRDA:217,29,1,0
BRDA:217,29,2,0
BRDA:223,30,0,0
BRDA:223,30,1,0
BRDA:226,31,0,0
BRDA:226,31,1,0
BRDA:226,31,2,0
BRDA:237,32,0,0
BRDA:237,32,1,0
BRDA:243,33,0,0
BRDA:243,33,1,0
BRDA:247,34,0,0
BRDA:247,34,1,0
BRDA:247,34,2,0
BRDA:256,35,0,0
BRDA:256,35,1,0
BRDA:256,35,2,0
BRDA:260,36,0,0
BRDA:260,36,1,0
BRDA:285,37,0,0
BRDA:285,37,1,0
BRDA:294,38,0,0
BRDA:294,38,1,0
BRDA:302,39,0,0
BRDA:302,39,1,0
BRDA:314,40,0,0
BRDA:314,40,1,0
BRDA:314,40,2,0
BRDA:318,41,0,0
BRDA:318,41,1,0
BRDA:343,42,0,0
BRDA:343,42,1,0
BRDA:352,43,0,0
BRDA:352,43,1,0
BRDA:356,44,0,0
BRDA:356,44,1,0
BRDA:359,45,0,0
BRDA:359,45,1,0
BRDA:381,46,0,0
BRDA:381,46,1,0
BRDA:381,46,2,0
BRDA:390,47,0,0
BRDA:390,47,1,0
BRF:102
BRH:0
end_of_record
TN:
SF:src\pages\AssembleiaPresenca.tsx
FN:10,AssembleiaPresenca
FN:20,(anonymous_1)
FN:21,run
FN:70,(anonymous_3)
FN:85,(anonymous_4)
FNF:5
FNH:0
FNDA:0,AssembleiaPresenca
FNDA:0,(anonymous_1)
FNDA:0,run
FNDA:0,(anonymous_3)
FNDA:0,(anonymous_4)
DA:11,0
DA:12,0
DA:13,0
DA:14,0
DA:16,0
DA:17,0
DA:18,0
DA:20,0
DA:22,0
DA:23,0
DA:24,0
DA:25,0
DA:31,0
DA:32,0
DA:33,0
DA:34,0
DA:35,0
DA:36,0
DA:40,0
DA:41,0
DA:42,0
DA:43,0
DA:45,0
DA:46,0
DA:47,0
DA:49,0
DA:52,0
DA:54,0
DA:57,0
DA:60,0
DA:62,0
DA:70,0
DA:85,0
LF:33
LH:0
BRDA:22,0,0,0
BRDA:22,0,1,0
BRDA:31,1,0,0
BRDA:31,1,1,0
BRDA:33,2,0,0
BRDA:33,2,1,0
BRDA:40,3,0,0
BRDA:40,3,1,0
BRDA:46,4,0,0
BRDA:46,4,1,0
BRDA:60,5,0,0
BRDA:60,5,1,0
BRDA:63,6,0,0
BRDA:63,6,1,0
BRDA:65,7,0,0
BRDA:65,7,1,0
BRDA:73,8,0,0
BRDA:73,8,1,0
BRDA:80,9,0,0
BRDA:80,9,1,0
BRF:20
BRH:0
end_of_record
TN:
SF:src\pages\Assembleias.tsx
FN:9,Assembleias
FN:17,(anonymous_1)
FN:36,formatDateTime
FN:58,(anonymous_3)
FN:61,(anonymous_4)
FN:75,(anonymous_5)
FN:101,(anonymous_6)
FN:108,(anonymous_7)
FN:126,AssembleiaCard
FN:168,(anonymous_9)
FNF:10
FNH:0
FNDA:0,Assembleias
FNDA:0,(anonymous_1)
FNDA:0,formatDateTime
FNDA:0,(anonymous_3)
FNDA:0,(anonymous_4)
FNDA:0,(anonymous_5)
FNDA:0,(anonymous_6)
FNDA:0,(anonymous_7)
FNDA:0,AssembleiaCard
FNDA:0,(anonymous_9)
DA:10,0
DA:11,0
DA:12,0
DA:13,0
DA:15,0
DA:17,0
DA:18,0
DA:19,0
DA:22,0
DA:29,0
DA:37,0
DA:46,0
DA:48,0
DA:59,0
DA:61,0
DA:75,0
DA:102,0
DA:108,0
DA:127,0
DA:169,0
LF:20
LH:0
BRDA:15,0,0,0
BRDA:15,0,1,0
BRDA:18,1,0,0
BRDA:18,1,1,0
BRDA:46,2,0,0
BRDA:46,2,1,0
BRDA:63,3,0,0
BRDA:63,3,1,0
BRDA:68,4,0,0
BRDA:68,4,1,0
BRDA:73,5,0,0
BRDA:73,5,1,0
BRDA:85,6,0,0
BRDA:85,6,1,0
BRDA:89,7,0,0
BRDA:89,7,1,0
BRDA:94,8,0,0
BRDA:94,8,1,0
BRDA:149,9,0,0
BRDA:149,9,1,0
BRDA:149,9,2,0
BRDA:155,10,0,0
BRDA:155,10,1,0
BRDA:155,10,2,0
BRDA:164,11,0,0
BRDA:164,11,1,0
BRDA:164,11,2,0
BRDA:171,12,0,0
BRDA:171,12,1,0
BRF:29
BRH:0
end_of_record
TN:
SF:src\pages\Biblioteca.tsx
FN:40,sanitizeFileName
FN:44,splitMarkdownIntoChunks
FN:47,(anonymous_2)
FN:47,(anonymous_3)
FN:47,(anonymous_4)
FN:52,getVisualTopics
FN:53,(anonymous_6)
FN:53,(anonymous_7)
FN:53,(anonymous_8)
FN:57,Biblioteca
FN:76,(anonymous_10)
FN:89,(anonymous_11)
FN:95,loadDocs
FN:115,(anonymous_13)
FN:116,(anonymous_14)
FN:124,(anonymous_15)
FN:202,(anonymous_16)
FN:220,(anonymous_17)
FN:226,(anonymous_18)
FN:228,(anonymous_19)
FN:249,(anonymous_20)
FN:252,(anonymous_21)
FN:279,(anonymous_22)
FN:286,(anonymous_23)
FN:296,(anonymous_24)
FN:301,(anonymous_25)
FN:305,(anonymous_26)
FN:323,(anonymous_27)
FN:328,(anonymous_28)
FN:329,(anonymous_29)
FN:353,(anonymous_30)
FN:371,(anonymous_31)
FN:375,(anonymous_32)
FN:399,(anonymous_33)
FN:400,(anonymous_34)
FN:409,(anonymous_35)
FN:410,(anonymous_36)
FN:416,(anonymous_37)
FNF:38
FNH:0
FNDA:0,sanitizeFileName
FNDA:0,splitMarkdownIntoChunks
FNDA:0,(anonymous_2)
FNDA:0,(anonymous_3)
FNDA:0,(anonymous_4)
FNDA:0,getVisualTopics
FNDA:0,(anonymous_6)
FNDA:0,(anonymous_7)
FNDA:0,(anonymous_8)
FNDA:0,Biblioteca
FNDA:0,(anonymous_10)
FNDA:0,(anonymous_11)
FNDA:0,loadDocs
FNDA:0,(anonymous_13)
FNDA:0,(anonymous_14)
FNDA:0,(anonymous_15)
FNDA:0,(anonymous_16)
FNDA:0,(anonymous_17)
FNDA:0,(anonymous_18)
FNDA:0,(anonymous_19)
FNDA:0,(anonymous_20)
FNDA:0,(anonymous_21)
FNDA:0,(anonymous_22)
FNDA:0,(anonymous_23)
FNDA:0,(anonymous_24)
FNDA:0,(anonymous_25)
FNDA:0,(anonymous_26)
FNDA:0,(anonymous_27)
FNDA:0,(anonymous_28)
FNDA:0,(anonymous_29)
FNDA:0,(anonymous_30)
FNDA:0,(anonymous_31)
FNDA:0,(anonymous_32)
FNDA:0,(anonymous_33)
FNDA:0,(anonymous_34)
FNDA:0,(anonymous_35)
FNDA:0,(anonymous_36)
FNDA:0,(anonymous_37)
DA:14,0
DA:41,0
DA:45,0
DA:46,0
DA:47,0
DA:48,0
DA:49,0
DA:53,0
DA:54,0
DA:58,0
DA:59,0
DA:60,0
DA:61,0
DA:62,0
DA:63,0
DA:64,0
DA:65,0
DA:68,0
DA:70,0
DA:71,0
DA:72,0
DA:73,0
DA:76,0
DA:77,0
DA:78,0
DA:80,0
DA:81,0
DA:83,0
DA:89,0
DA:90,0
DA:91,0
DA:96,0
DA:97,0
DA:98,0
DA:105,0
DA:106,0
DA:108,0
DA:109,0
DA:111,0
DA:115,0
DA:116,0
DA:117,0
DA:118,0
DA:119,0
DA:120,0
DA:124,0
DA:126,0
DA:127,0
DA:128,0
DA:131,0
DA:132,0
DA:134,0
DA:135,0
DA:138,0
DA:139,0
DA:140,0
DA:142,0
DA:146,0
DA:148,0
DA:151,0
DA:153,0
DA:154,0
DA:155,0
DA:156,0
DA:158,0
DA:162,0
DA:163,0
DA:166,0
DA:169,0
DA:171,0
DA:187,0
DA:189,0
DA:190,0
DA:191,0
DA:192,0
DA:195,0
DA:196,0
DA:198,0
DA:202,0
DA:203,0
DA:204,0
DA:205,0
DA:207,0
DA:208,0
DA:209,0
DA:212,0
DA:213,0
DA:215,0
DA:220,0
DA:221,0
DA:222,0
DA:223,0
DA:226,0
DA:228,0
DA:231,0
DA:249,0
DA:253,0
DA:279,0
DA:286,0
DA:296,0
DA:302,0
DA:305,0
DA:323,0
DA:329,0
DA:330,0
DA:331,0
DA:333,0
DA:354,0
DA:371,0
DA:375,0
DA:399,0
DA:400,0
DA:409,0
DA:410,0
DA:416,0
LF:115
LH:0
BRDA:48,0,0,0
BRDA:48,0,1,0
BRDA:53,1,0,0
BRDA:53,1,1,0
BRDA:53,1,2,0
BRDA:53,2,0,0
BRDA:53,2,1,0
BRDA:53,2,2,0
BRDA:77,3,0,0
BRDA:77,3,1,0
BRDA:78,4,0,0
BRDA:78,4,1,0
BRDA:81,5,0,0
BRDA:81,5,1,0
BRDA:90,6,0,0
BRDA:90,6,1,0
BRDA:105,7,0,0
BRDA:105,7,1,0
BRDA:106,8,0,0
BRDA:106,8,1,0
BRDA:118,9,0,0
BRDA:118,9,1,0
BRDA:126,10,0,0
BRDA:126,10,1,0
BRDA:126,11,0,0
BRDA:126,11,1,0
BRDA:126,11,2,0
BRDA:126,11,3,0
BRDA:127,12,0,0
BRDA:127,12,1,0
BRDA:146,13,0,0
BRDA:146,13,1,0
BRDA:162,14,0,0
BRDA:162,14,1,0
BRDA:162,15,0,0
BRDA:162,15,1,0
BRDA:163,16,0,0
BRDA:163,16,1,0
BRDA:163,16,2,0
BRDA:166,17,0,0
BRDA:166,17,1,0
BRDA:187,18,0,0
BRDA:187,18,1,0
BRDA:196,19,0,0
BRDA:196,19,1,0
BRDA:203,20,0,0
BRDA:203,20,1,0
BRDA:207,21,0,0
BRDA:207,21,1,0
BRDA:213,22,0,0
BRDA:213,22,1,0
BRDA:222,23,0,0
BRDA:222,23,1,0
BRDA:223,24,0,0
BRDA:223,24,1,0
BRDA:237,25,0,0
BRDA:237,25,1,0
BRDA:248,26,0,0
BRDA:248,26,1,0
BRDA:260,27,0,0
BRDA:260,27,1,0
BRDA:262,28,0,0
BRDA:262,28,1,0
BRDA:262,29,0,0
BRDA:262,29,1,0
BRDA:284,30,0,0
BRDA:284,30,1,0
BRDA:297,31,0,0
BRDA:297,31,1,0
BRDA:302,32,0,0
BRDA:302,32,1,0
BRDA:306,33,0,0
BRDA:306,33,1,0
BRDA:316,34,0,0
BRDA:316,34,1,0
BRDA:319,35,0,0
BRDA:319,35,1,0
BRDA:320,36,0,0
BRDA:320,36,1,0
BRDA:322,37,0,0
BRDA:322,37,1,0
BRDA:339,38,0,0
BRDA:339,38,1,0
BRDA:351,39,0,0
BRDA:351,39,1,0
BRDA:362,40,0,0
BRDA:362,40,1,0
BRDA:372,41,0,0
BRDA:372,41,1,0
BRDA:374,42,0,0
BRDA:374,42,1,0
BRDA:383,43,0,0
BRDA:383,43,1,0
BRDA:400,44,0,0
BRDA:400,44,1,0
BRDA:416,45,0,0
BRDA:416,45,1,0
BRDA:419,46,0,0
BRDA:419,46,1,0
BRDA:420,47,0,0
BRDA:420,47,1,0
BRF:101
BRH:0
end_of_record
TN:
SF:src\pages\Comunicacao.tsx
FN:5,Comunicacao
FN:19,(anonymous_1)
FN:43,(anonymous_2)
FNF:3
FNH:0
FNDA:0,Comunicacao
FNDA:0,(anonymous_1)
FNDA:0,(anonymous_2)
DA:6,0
DA:7,0
DA:9,0
DA:19,0
DA:43,0
LF:5
LH:0
BRDA:33,0,0,0
BRDA:33,0,1,0
BRDA:56,1,0,0
BRDA:56,1,1,0
BRF:4
BRH:0
end_of_record
TN:
SF:src\pages\Comunicados.tsx
FN:34,ComunicadoCard
FN:60,(anonymous_1)
FN:68,(anonymous_2)
FN:78,Comunicados
FN:86,markAsRead
FN:90,(anonymous_5)
FN:91,(anonymous_6)
FN:116,(anonymous_7)
FN:151,(anonymous_8)
FN:160,(anonymous_9)
FN:161,(anonymous_10)
FN:162,(anonymous_11)
FN:172,(anonymous_12)
FN:180,(anonymous_13)
FNF:14
FNH:13
FNDA:57,ComunicadoCard
FNDA:1,(anonymous_1)
FNDA:1,(anonymous_2)
FNDA:23,Comunicados
FNDA:1,markAsRead
FNDA:6,(anonymous_5)
FNDA:60,(anonymous_6)
FNDA:0,(anonymous_7)
FNDA:60,(anonymous_8)
FNDA:1,(anonymous_9)
FNDA:132,(anonymous_10)
FNDA:2,(anonymous_11)
FNDA:56,(anonymous_12)
FNDA:1,(anonymous_13)
DA:24,1
DA:35,57
DA:36,57
DA:37,57
DA:39,57
DA:60,1
DA:68,1
DA:79,23
DA:80,23
DA:83,23
DA:84,23
DA:87,1
DA:90,23
DA:91,60
DA:93,23
DA:95,22
DA:116,0
DA:151,60
DA:160,1
DA:162,132
DA:172,56
DA:180,1
LF:22
LH:21
BRDA:36,0,0,57
BRDA:36,0,1,0
BRDA:40,1,0,36
BRDA:40,1,1,21
BRDA:40,2,0,1
BRDA:40,2,1,56
BRDA:40,3,0,39
BRDA:40,3,1,18
BRDA:41,4,0,57
BRDA:41,4,1,36
BRDA:53,5,0,36
BRDA:53,5,1,21
BRDA:56,6,0,56
BRDA:56,6,1,1
BRDA:58,7,0,57
BRDA:58,7,1,56
BRDA:61,8,0,1
BRDA:61,8,1,56
BRDA:63,9,0,21
BRDA:63,9,1,36
BRDA:63,10,0,57
BRDA:63,10,1,56
BRDA:65,11,0,57
BRDA:65,11,1,0
BRDA:67,12,0,36
BRDA:67,12,1,21
BRDA:83,13,0,23
BRDA:83,14,0,23
BRDA:83,14,1,21
BRDA:90,15,0,2
BRDA:90,15,1,21
BRDA:93,16,0,1
BRDA:93,16,1,22
BRDA:104,17,0,22
BRDA:104,17,1,19
BRDA:114,18,0,23
BRDA:114,18,1,1
BRDA:160,19,0,20
BRDA:160,19,1,2
BRDA:162,20,0,2
BRDA:162,20,1,130
BRDA:170,21,0,20
BRDA:170,21,1,2
BRF:43
BRH:41
end_of_record
TN:
SF:src\pages\Dashboard.tsx
FN:31,Dashboard
FN:43,(anonymous_1)
FN:49,(anonymous_2)
FN:58,loadBanner
FN:81,(anonymous_4)
FN:84,(anonymous_5)
FN:85,(anonymous_6)
FN:97,(anonymous_7)
FN:100,(anonymous_8)
FN:117,(anonymous_9)
FN:127,loadUnifiedFeed
FN:129,(anonymous_11)
FN:148,(anonymous_12)
FN:154,(anonymous_13)
FN:155,(anonymous_14)
FN:156,(anonymous_15)
FN:157,(anonymous_16)
FN:158,(anonymous_17)
FN:160,(anonymous_18)
FN:165,formatTimeAgo
FN:194,(anonymous_20)
FN:195,(anonymous_21)
FN:196,(anonymous_22)
FN:197,(anonymous_23)
FN:198,(anonymous_24)
FN:199,(anonymous_25)
FN:214,(anonymous_26)
FN:228,(anonymous_27)
FN:238,(anonymous_28)
FN:254,(anonymous_29)
FN:257,(anonymous_30)
FN:280,(anonymous_31)
FN:287,(anonymous_32)
FN:288,(anonymous_33)
FN:308,(anonymous_34)
FN:314,(anonymous_35)
FN:318,(anonymous_36)
FN:324,DashboardCard
FNF:38
FNH:17
FNDA:34,Dashboard
FNDA:11,(anonymous_1)
FNDA:11,(anonymous_2)
FNDA:11,loadBanner
FNDA:13,(anonymous_4)
FNDA:0,(anonymous_5)
FNDA:0,(anonymous_6)
FNDA:0,(anonymous_7)
FNDA:1,(anonymous_8)
FNDA:0,(anonymous_9)
FNDA:11,loadUnifiedFeed
FNDA:66,(anonymous_11)
FNDA:1,(anonymous_12)
FNDA:0,(anonymous_13)
FNDA:0,(anonymous_14)
FNDA:0,(anonymous_15)
FNDA:0,(anonymous_16)
FNDA:0,(anonymous_17)
FNDA:0,(anonymous_18)
FNDA:2,formatTimeAgo
FNDA:1,(anonymous_20)
FNDA:0,(anonymous_21)
FNDA:0,(anonymous_22)
FNDA:0,(anonymous_23)
FNDA:0,(anonymous_24)
FNDA:0,(anonymous_25)
FNDA:1,(anonymous_26)
FNDA:0,(anonymous_27)
FNDA:0,(anonymous_28)
FNDA:0,(anonymous_29)
FNDA:0,(anonymous_30)
FNDA:39,(anonymous_31)
FNDA:2,(anonymous_32)
FNDA:0,(anonymous_33)
FNDA:0,(anonymous_34)
FNDA:2,(anonymous_35)
FNDA:1,(anonymous_36)
FNDA:162,DashboardCard
DA:32,34
DA:33,34
DA:34,34
DA:36,34
DA:37,34
DA:38,34
DA:39,34
DA:41,34
DA:43,34
DA:44,11
DA:45,0
DA:49,34
DA:50,11
DA:51,11
DA:52,11
DA:54,0
DA:59,11
DA:60,11
DA:66,11
DA:67,2
DA:69,2
DA:70,2
DA:72,0
DA:76,0
DA:81,34
DA:82,13
DA:84,0
DA:85,0
DA:86,0
DA:88,0
DA:89,0
DA:91,0
DA:93,0
DA:97,0
DA:100,34
DA:101,1
DA:103,1
DA:104,1
DA:105,1
DA:107,0
DA:111,1
DA:112,1
DA:117,34
DA:118,0
DA:120,0
DA:121,0
DA:123,0
DA:128,11
DA:129,11
DA:130,66
DA:131,66
DA:132,66
DA:133,0
DA:136,11
DA:137,11
DA:146,11
DA:148,11
DA:149,1
DA:150,1
DA:151,1
DA:154,11
DA:155,11
DA:156,11
DA:157,11
DA:158,11
DA:160,11
DA:161,11
DA:162,11
DA:166,2
DA:167,2
DA:168,2
DA:169,2
DA:170,2
DA:171,0
DA:172,0
DA:175,34
DA:177,34
DA:194,1
DA:195,0
DA:196,0
DA:197,0
DA:198,0
DA:199,0
DA:214,1
DA:229,0
DA:230,0
DA:239,0
DA:240,0
DA:255,0
DA:257,0
DA:280,39
DA:288,2
DA:308,0
DA:314,2
DA:318,1
DA:325,162
LF:96
LH:64
BRDA:44,0,0,0
BRDA:44,0,1,11
BRDA:50,1,0,11
BRDA:50,1,1,0
BRDA:50,2,0,11
BRDA:50,2,1,11
BRDA:66,3,0,2
BRDA:66,3,1,9
BRDA:66,4,0,11
BRDA:66,4,1,2
BRDA:82,5,0,13
BRDA:82,5,1,0
BRDA:101,6,0,1
BRDA:101,6,1,0
BRDA:105,7,0,0
BRDA:105,7,1,1
BRDA:111,8,0,1
BRDA:111,8,1,0
BRDA:132,9,0,0
BRDA:132,9,1,66
BRDA:149,10,0,0
BRDA:149,10,1,1
BRDA:151,11,0,0
BRDA:151,11,1,1
BRDA:151,12,0,1
BRDA:151,12,1,0
BRDA:151,13,0,0
BRDA:151,13,1,1
BRDA:151,14,0,0
BRDA:151,14,1,1
BRDA:151,15,0,0
BRDA:151,15,1,1
BRDA:166,16,0,0
BRDA:166,16,1,2
BRDA:170,17,0,2
BRDA:170,17,1,0
BRDA:171,18,0,0
BRDA:171,18,1,0
BRDA:175,19,0,0
BRDA:175,19,1,34
BRDA:187,20,0,34
BRDA:187,20,1,0
BRDA:194,21,0,34
BRDA:194,21,1,0
BRDA:195,22,0,34
BRDA:195,22,1,0
BRDA:197,23,0,34
BRDA:197,23,1,0
BRDA:198,24,0,34
BRDA:198,24,1,0
BRDA:203,25,0,34
BRDA:203,25,1,6
BRDA:225,26,0,6
BRDA:225,26,1,0
BRDA:252,27,0,6
BRDA:252,27,1,0
BRDA:259,28,0,0
BRDA:259,28,1,0
BRDA:278,29,0,13
BRDA:278,29,1,21
BRDA:284,30,0,19
BRDA:284,30,1,2
BRDA:294,31,0,2
BRDA:294,31,1,0
BRDA:306,32,0,34
BRDA:306,32,1,2
BRDA:327,33,0,162
BRDA:327,33,1,54
BRDA:330,34,0,162
BRDA:330,34,1,162
BRDA:330,35,0,162
BRDA:330,35,1,135
BRDA:330,36,0,54
BRDA:330,36,1,81
BRF:74
BRH:46
end_of_record
TN:
SF:src\pages\Despesas.tsx
FN:31,getCategoryStyle
FN:34,(anonymous_1)
FN:38,Despesas
FN:46,(anonymous_3)
FN:50,loadDespesas
FN:79,(anonymous_5)
FN:80,(anonymous_6)
FN:99,(anonymous_7)
FN:101,(anonymous_8)
FN:112,(anonymous_9)
FN:124,(anonymous_10)
FN:124,(anonymous_11)
FN:125,(anonymous_12)
FN:125,(anonymous_13)
FN:127,(anonymous_14)
FN:130,(anonymous_15)
FN:136,(anonymous_16)
FN:137,(anonymous_17)
FN:141,(anonymous_18)
FN:152,(anonymous_19)
FN:159,(anonymous_20)
FN:170,(anonymous_21)
FN:171,(anonymous_22)
FN:199,(anonymous_23)
FN:202,(anonymous_24)
FN:206,(anonymous_25)
FN:207,(anonymous_26)
FN:212,(anonymous_27)
FN:213,(anonymous_28)
FN:214,(anonymous_29)
FN:218,(anonymous_30)
FN:254,(anonymous_31)
FN:258,(anonymous_32)
FN:276,(anonymous_33)
FN:277,(anonymous_34)
FN:301,(anonymous_35)
FN:327,(anonymous_36)
FN:346,(anonymous_37)
FNF:38
FNH:0
FNDA:0,getCategoryStyle
FNDA:0,(anonymous_1)
FNDA:0,Despesas
FNDA:0,(anonymous_3)
FNDA:0,loadDespesas
FNDA:0,(anonymous_5)
FNDA:0,(anonymous_6)
FNDA:0,(anonymous_7)
FNDA:0,(anonymous_8)
FNDA:0,(anonymous_9)
FNDA:0,(anonymous_10)
FNDA:0,(anonymous_11)
FNDA:0,(anonymous_12)
FNDA:0,(anonymous_13)
FNDA:0,(anonymous_14)
FNDA:0,(anonymous_15)
FNDA:0,(anonymous_16)
FNDA:0,(anonymous_17)
FNDA:0,(anonymous_18)
FNDA:0,(anonymous_19)
FNDA:0,(anonymous_20)
FNDA:0,(anonymous_21)
FNDA:0,(anonymous_22)
FNDA:0,(anonymous_23)
FNDA:0,(anonymous_24)
FNDA:0,(anonymous_25)
FNDA:0,(anonymous_26)
FNDA:0,(anonymous_27)
FNDA:0,(anonymous_28)
FNDA:0,(anonymous_29)
FNDA:0,(anonymous_30)
FNDA:0,(anonymous_31)
FNDA:0,(anonymous_32)
FNDA:0,(anonymous_33)
FNDA:0,(anonymous_34)
FNDA:0,(anonymous_35)
FNDA:0,(anonymous_36)
FNDA:0,(anonymous_37)
DA:20,0
DA:32,0
DA:33,0
DA:34,0
DA:35,0
DA:39,0
DA:40,0
DA:42,0
DA:43,0
DA:44,0
DA:46,0
DA:47,0
DA:51,0
DA:52,0
DA:53,0
DA:58,0
DA:60,0
DA:61,0
DA:63,0
DA:64,0
DA:65,0
DA:66,0
DA:67,0
DA:68,0
DA:69,0
DA:73,0
DA:75,0
DA:79,0
DA:80,0
DA:81,0
DA:82,0
DA:83,0
DA:84,0
DA:87,0
DA:88,0
DA:90,0
DA:91,0
DA:92,0
DA:95,0
DA:99,0
DA:100,0
DA:101,0
DA:110,0
DA:112,0
DA:114,0
DA:115,0
DA:116,0
DA:118,0
DA:119,0
DA:120,0
DA:121,0
DA:124,0
DA:125,0
DA:127,0
DA:128,0
DA:129,0
DA:130,0
DA:131,0
DA:132,0
DA:133,0
DA:135,0
DA:136,0
DA:137,0
DA:141,0
DA:142,0
DA:143,0
DA:144,0
DA:146,0
DA:147,0
DA:148,0
DA:149,0
DA:152,0
DA:153,0
DA:154,0
DA:155,0
DA:159,0
DA:160,0
DA:161,0
DA:162,0
DA:170,0
DA:171,0
DA:173,0
DA:175,0
DA:199,0
DA:202,0
DA:207,0
DA:212,0
DA:214,0
DA:215,0
DA:216,0
DA:218,0
DA:255,0
DA:256,0
DA:257,0
DA:258,0
DA:277,0
DA:278,0
DA:302,0
DA:303,0
DA:304,0
DA:327,0
DA:346,0
LF:102
LH:0
BRDA:32,0,0,0
BRDA:32,0,1,0
BRDA:35,1,0,0
BRDA:35,1,1,0
BRDA:58,2,0,0
BRDA:58,2,1,0
BRDA:60,3,0,0
BRDA:60,3,1,0
BRDA:63,4,0,0
BRDA:63,4,1,0
BRDA:63,5,0,0
BRDA:63,5,1,0
BRDA:67,6,0,0
BRDA:67,6,1,0
BRDA:81,7,0,0
BRDA:81,7,1,0
BRDA:84,8,0,0
BRDA:84,8,1,0
BRDA:87,9,0,0
BRDA:87,9,1,0
BRDA:87,10,0,0
BRDA:87,10,1,0
BRDA:88,11,0,0
BRDA:88,11,1,0
BRDA:88,12,0,0
BRDA:88,12,1,0
BRDA:90,13,0,0
BRDA:90,13,1,0
BRDA:92,14,0,0
BRDA:92,14,1,0
BRDA:106,15,0,0
BRDA:106,15,1,0
BRDA:107,16,0,0
BRDA:107,16,1,0
BRDA:118,17,0,0
BRDA:118,17,1,0
BRDA:132,18,0,0
BRDA:132,18,1,0
BRDA:136,19,0,0
BRDA:136,19,1,0
BRDA:142,20,0,0
BRDA:142,20,1,0
BRDA:154,21,0,0
BRDA:154,21,1,0
BRDA:173,22,0,0
BRDA:173,22,1,0
BRDA:207,23,0,0
BRDA:207,23,1,0
BRDA:207,24,0,0
BRDA:207,24,1,0
BRDA:207,25,0,0
BRDA:207,25,1,0
BRDA:212,26,0,0
BRDA:212,26,1,0
BRDA:217,27,0,0
BRDA:217,27,1,0
BRDA:218,28,0,0
BRDA:218,28,1,0
BRDA:218,29,0,0
BRDA:218,29,1,0
BRDA:218,30,0,0
BRDA:218,30,1,0
BRDA:243,31,0,0
BRDA:243,31,1,0
BRDA:261,32,0,0
BRDA:261,32,1,0
BRDA:263,33,0,0
BRDA:263,33,1,0
BRDA:275,34,0,0
BRDA:275,34,1,0
BRDA:277,35,0,0
BRDA:277,35,1,0
BRDA:299,36,0,0
BRDA:299,36,1,0
BRDA:305,37,0,0
BRDA:305,37,1,0
BRDA:320,38,0,0
BRDA:320,38,1,0
BRDA:322,39,0,0
BRDA:322,39,1,0
BRDA:322,39,2,0
BRDA:325,40,0,0
BRDA:325,40,1,0
BRDA:332,41,0,0
BRDA:332,41,1,0
BRF:85
BRH:0
end_of_record
TN:
SF:src\pages\FAQ.tsx
FN:34,getCategoryInfo
FN:39,FAQ
FN:54,(anonymous_2)
FN:58,loadFAQs
FN:76,(anonymous_4)
FN:77,(anonymous_5)
FN:86,(anonymous_6)
FN:94,(anonymous_7)
FN:97,(anonymous_8)
FN:104,(anonymous_9)
FN:109,(anonymous_10)
FN:113,(anonymous_11)
FN:116,(anonymous_12)
FN:121,(anonymous_13)
FN:124,(anonymous_14)
FN:132,(anonymous_15)
FN:137,(anonymous_16)
FN:166,(anonymous_17)
FN:175,(anonymous_18)
FN:192,(anonymous_19)
FN:193,(anonymous_20)
FN:197,(anonymous_21)
FN:199,(anonymous_22)
FN:211,(anonymous_23)
FN:229,(anonymous_24)
FN:234,(anonymous_25)
FN:269,(anonymous_26)
FN:271,(anonymous_27)
FN:278,(anonymous_28)
FNF:29
FNH:9
FNDA:8,getCategoryInfo
FNDA:8,FAQ
FNDA:4,(anonymous_2)
FNDA:3,loadFAQs
FNDA:0,(anonymous_4)
FNDA:0,(anonymous_5)
FNDA:12,(anonymous_6)
FNDA:8,(anonymous_7)
FNDA:0,(anonymous_8)
FNDA:0,(anonymous_9)
FNDA:0,(anonymous_10)
FNDA:0,(anonymous_11)
FNDA:0,(anonymous_12)
FNDA:0,(anonymous_13)
FNDA:0,(anonymous_14)
FNDA:0,(anonymous_15)
FNDA:0,(anonymous_16)
FNDA:0,(anonymous_17)
FNDA:1,(anonymous_18)
FNDA:0,(anonymous_19)
FNDA:0,(anonymous_20)
FNDA:8,(anonymous_21)
FNDA:12,(anonymous_22)
FNDA:0,(anonymous_23)
FNDA:0,(anonymous_24)
FNDA:0,(anonymous_25)
FNDA:0,(anonymous_26)
FNDA:0,(anonymous_27)
FNDA:0,(anonymous_28)
DA:21,1
DA:35,8
DA:36,8
DA:40,8
DA:41,8
DA:42,8
DA:43,8
DA:44,8
DA:45,8
DA:46,8
DA:49,8
DA:50,8
DA:51,8
DA:52,8
DA:54,8
DA:55,4
DA:59,3
DA:60,3
DA:67,3
DA:68,3
DA:70,0
DA:72,3
DA:76,8
DA:77,0
DA:78,0
DA:79,0
DA:80,0
DA:81,0
DA:86,8
DA:87,12
DA:88,12
DA:89,12
DA:90,12
DA:94,8
DA:95,8
DA:97,0
DA:98,0
DA:104,8
DA:105,0
DA:106,0
DA:107,0
DA:108,0
DA:109,0
DA:110,0
DA:113,8
DA:114,0
DA:115,0
DA:116,0
DA:117,0
DA:118,0
DA:119,0
DA:120,0
DA:121,0
DA:122,0
DA:123,0
DA:124,0
DA:125,0
DA:128,0
DA:129,0
DA:132,8
DA:133,0
DA:134,0
DA:135,0
DA:136,0
DA:137,0
DA:145,0
DA:146,0
DA:147,0
DA:148,0
DA:149,0
DA:150,0
DA:151,0
DA:155,8
DA:157,4
DA:166,0
DA:175,1
DA:192,0
DA:193,0
DA:198,8
DA:199,12
DA:201,8
DA:204,8
DA:206,8
DA:211,0
DA:230,0
DA:231,0
DA:234,0
DA:269,0
DA:271,0
DA:278,0
LF:90
LH:40
BRDA:35,0,0,8
BRDA:35,0,1,0
BRDA:36,1,0,8
BRDA:36,1,1,0
BRDA:55,2,0,3
BRDA:55,2,1,1
BRDA:67,3,0,0
BRDA:67,3,1,3
BRDA:68,4,0,3
BRDA:68,4,1,0
BRDA:79,5,0,0
BRDA:79,5,1,0
BRDA:87,6,0,12
BRDA:87,6,1,0
BRDA:88,7,0,8
BRDA:88,7,1,4
BRDA:95,8,0,8
BRDA:95,8,1,0
BRDA:98,9,0,0
BRDA:98,9,1,0
BRDA:106,10,0,0
BRDA:106,10,1,0
BRDA:107,11,0,0
BRDA:107,11,1,0
BRDA:120,12,0,0
BRDA:120,12,1,0
BRDA:121,13,0,0
BRDA:121,13,1,0
BRDA:122,14,0,0
BRDA:122,14,1,0
BRDA:124,15,0,0
BRDA:124,15,1,0
BRDA:125,16,0,0
BRDA:125,16,1,0
BRDA:125,17,0,0
BRDA:125,17,1,0
BRDA:133,18,0,0
BRDA:133,18,1,0
BRDA:141,19,0,0
BRDA:141,19,1,0
BRDA:142,20,0,0
BRDA:142,20,1,0
BRDA:143,21,0,0
BRDA:143,21,1,0
BRDA:146,22,0,0
BRDA:146,22,1,0
BRDA:155,23,0,4
BRDA:155,23,1,4
BRDA:173,24,0,4
BRDA:173,24,1,3
BRDA:185,25,0,0
BRDA:185,25,1,4
BRDA:199,26,0,12
BRDA:199,26,1,0
BRDA:201,27,0,0
BRDA:201,27,1,8
BRDA:204,28,0,0
BRDA:204,28,1,8
BRDA:211,29,0,0
BRDA:211,29,1,0
BRDA:212,30,0,0
BRDA:212,30,1,8
BRDA:223,31,0,0
BRDA:223,31,1,8
BRDA:227,32,0,8
BRDA:227,32,1,0
BRDA:232,33,0,0
BRDA:232,33,1,0
BRDA:239,34,0,0
BRDA:239,34,1,0
BRDA:241,35,0,0
BRDA:241,35,1,0
BRDA:245,36,0,0
BRDA:245,36,1,0
BRDA:249,37,0,0
BRDA:249,37,1,0
BRDA:270,38,0,4
BRDA:270,38,1,0
BRDA:279,39,0,0
BRDA:279,39,1,0
BRF:80
BRH:22
end_of_record
TN:
SF:src\pages\Financeiro.tsx
FN:33,getCategoryStyle
FN:36,(anonymous_1)
FN:40,Financeiro
FN:47,(anonymous_3)
FN:51,loadDespesas
FN:80,(anonymous_5)
FN:81,(anonymous_6)
FN:100,(anonymous_7)
FN:102,(anonymous_8)
FN:113,(anonymous_9)
FN:125,(anonymous_10)
FN:125,(anonymous_11)
FN:126,(anonymous_12)
FN:126,(anonymous_13)
FN:128,(anonymous_14)
FN:131,(anonymous_15)
FN:137,(anonymous_16)
FN:138,(anonymous_17)
FN:142,(anonymous_18)
FN:153,(anonymous_19)
FN:160,(anonymous_20)
FN:171,(anonymous_21)
FN:172,(anonymous_22)
FN:200,(anonymous_23)
FN:203,(anonymous_24)
FN:207,(anonymous_25)
FN:208,(anonymous_26)
FN:213,(anonymous_27)
FN:214,(anonymous_28)
FN:215,(anonymous_29)
FN:219,(anonymous_30)
FN:255,(anonymous_31)
FN:259,(anonymous_32)
FN:277,(anonymous_33)
FN:278,(anonymous_34)
FN:302,(anonymous_35)
FN:328,(anonymous_36)
FN:347,(anonymous_37)
FNF:38
FNH:0
FNDA:0,getCategoryStyle
FNDA:0,(anonymous_1)
FNDA:0,Financeiro
FNDA:0,(anonymous_3)
FNDA:0,loadDespesas
FNDA:0,(anonymous_5)
FNDA:0,(anonymous_6)
FNDA:0,(anonymous_7)
FNDA:0,(anonymous_8)
FNDA:0,(anonymous_9)
FNDA:0,(anonymous_10)
FNDA:0,(anonymous_11)
FNDA:0,(anonymous_12)
FNDA:0,(anonymous_13)
FNDA:0,(anonymous_14)
FNDA:0,(anonymous_15)
FNDA:0,(anonymous_16)
FNDA:0,(anonymous_17)
FNDA:0,(anonymous_18)
FNDA:0,(anonymous_19)
FNDA:0,(anonymous_20)
FNDA:0,(anonymous_21)
FNDA:0,(anonymous_22)
FNDA:0,(anonymous_23)
FNDA:0,(anonymous_24)
FNDA:0,(anonymous_25)
FNDA:0,(anonymous_26)
FNDA:0,(anonymous_27)
FNDA:0,(anonymous_28)
FNDA:0,(anonymous_29)
FNDA:0,(anonymous_30)
FNDA:0,(anonymous_31)
FNDA:0,(anonymous_32)
FNDA:0,(anonymous_33)
FNDA:0,(anonymous_34)
FNDA:0,(anonymous_35)
FNDA:0,(anonymous_36)
FNDA:0,(anonymous_37)
DA:22,0
DA:34,0
DA:35,0
DA:36,0
DA:37,0
DA:41,0
DA:42,0
DA:43,0
DA:44,0
DA:45,0
DA:47,0
DA:48,0
DA:52,0
DA:53,0
DA:54,0
DA:59,0
DA:61,0
DA:62,0
DA:64,0
DA:65,0
DA:66,0
DA:67,0
DA:68,0
DA:69,0
DA:70,0
DA:74,0
DA:76,0
DA:80,0
DA:81,0
DA:82,0
DA:83,0
DA:84,0
DA:85,0
DA:88,0
DA:89,0
DA:91,0
DA:92,0
DA:93,0
DA:96,0
DA:100,0
DA:101,0
DA:102,0
DA:111,0
DA:113,0
DA:115,0
DA:116,0
DA:117,0
DA:119,0
DA:120,0
DA:121,0
DA:122,0
DA:125,0
DA:126,0
DA:128,0
DA:129,0
DA:130,0
DA:131,0
DA:132,0
DA:133,0
DA:134,0
DA:136,0
DA:137,0
DA:138,0
DA:142,0
DA:143,0
DA:144,0
DA:145,0
DA:147,0
DA:148,0
DA:149,0
DA:150,0
DA:153,0
DA:154,0
DA:155,0
DA:156,0
DA:160,0
DA:161,0
DA:162,0
DA:163,0
DA:171,0
DA:172,0
DA:174,0
DA:176,0
DA:200,0
DA:203,0
DA:208,0
DA:213,0
DA:215,0
DA:216,0
DA:217,0
DA:219,0
DA:256,0
DA:257,0
DA:258,0
DA:259,0
DA:278,0
DA:279,0
DA:303,0
DA:304,0
DA:305,0
DA:328,0
DA:347,0
LF:102
LH:0
BRDA:34,0,0,0
BRDA:34,0,1,0
BRDA:37,1,0,0
BRDA:37,1,1,0
BRDA:59,2,0,0
BRDA:59,2,1,0
BRDA:61,3,0,0
BRDA:61,3,1,0
BRDA:64,4,0,0
BRDA:64,4,1,0
BRDA:64,5,0,0
BRDA:64,5,1,0
BRDA:68,6,0,0
BRDA:68,6,1,0
BRDA:82,7,0,0
BRDA:82,7,1,0
BRDA:85,8,0,0
BRDA:85,8,1,0
BRDA:88,9,0,0
BRDA:88,9,1,0
BRDA:88,10,0,0
BRDA:88,10,1,0
BRDA:89,11,0,0
BRDA:89,11,1,0
BRDA:89,12,0,0
BRDA:89,12,1,0
BRDA:91,13,0,0
BRDA:91,13,1,0
BRDA:93,14,0,0
BRDA:93,14,1,0
BRDA:107,15,0,0
BRDA:107,15,1,0
BRDA:108,16,0,0
BRDA:108,16,1,0
BRDA:119,17,0,0
BRDA:119,17,1,0
BRDA:133,18,0,0
BRDA:133,18,1,0
BRDA:137,19,0,0
BRDA:137,19,1,0
BRDA:143,20,0,0
BRDA:143,20,1,0
BRDA:155,21,0,0
BRDA:155,21,1,0
BRDA:174,22,0,0
BRDA:174,22,1,0
BRDA:208,23,0,0
BRDA:208,23,1,0
BRDA:208,24,0,0
BRDA:208,24,1,0
BRDA:208,25,0,0
BRDA:208,25,1,0
BRDA:213,26,0,0
BRDA:213,26,1,0
BRDA:218,27,0,0
BRDA:218,27,1,0
BRDA:219,28,0,0
BRDA:219,28,1,0
BRDA:219,29,0,0
BRDA:219,29,1,0
BRDA:219,30,0,0
BRDA:219,30,1,0
BRDA:244,31,0,0
BRDA:244,31,1,0
BRDA:262,32,0,0
BRDA:262,32,1,0
BRDA:264,33,0,0
BRDA:264,33,1,0
BRDA:276,34,0,0
BRDA:276,34,1,0
BRDA:278,35,0,0
BRDA:278,35,1,0
BRDA:300,36,0,0
BRDA:300,36,1,0
BRDA:306,37,0,0
BRDA:306,37,1,0
BRDA:321,38,0,0
BRDA:321,38,1,0
BRDA:323,39,0,0
BRDA:323,39,1,0
BRDA:323,39,2,0
BRDA:326,40,0,0
BRDA:326,40,1,0
BRDA:333,41,0,0
BRDA:333,41,1,0
BRF:85
BRH:0
end_of_record
TN:
SF:src\pages\Login.tsx
FN:10,Login
FN:18,handleSubmit
FN:86,(anonymous_2)
FN:106,(anonymous_3)
FNF:4
FNH:4
FNDA:60,Login
FNDA:3,handleSubmit
FNDA:27,(anonymous_2)
FNDA:20,(anonymous_3)
DA:8,1
DA:11,60
DA:12,60
DA:13,60
DA:14,60
DA:15,60
DA:16,60
DA:20,3
DA:23,3
DA:24,1
DA:25,1
DA:28,2
DA:29,2
DA:31,2
DA:33,2
DA:38,1
DA:41,1
DA:43,1
DA:44,1
DA:45,0
DA:46,0
DA:48,0
DA:51,2
DA:55,60
DA:86,27
DA:106,20
LF:26
LH:23
BRDA:23,0,0,1
BRDA:23,0,1,2
BRDA:23,1,0,3
BRDA:23,1,1,2
BRDA:43,2,0,1
BRDA:43,2,1,0
BRDA:45,3,0,0
BRDA:45,3,1,0
BRDA:48,4,0,0
BRDA:48,4,1,0
BRDA:72,5,0,60
BRDA:72,5,1,2
BRDA:120,6,0,2
BRDA:120,6,1,58
BRF:14
BRH:9
end_of_record
TN:
SF:src\pages\MeusChamados.tsx
FN:6,MeusChamados
FN:26,(anonymous_1)
FN:52,(anonymous_2)
FN:55,(anonymous_3)
FN:78,(anonymous_4)
FN:85,(anonymous_5)
FNF:6
FNH:0
FNDA:0,MeusChamados
FNDA:0,(anonymous_1)
FNDA:0,(anonymous_2)
FNDA:0,(anonymous_3)
FNDA:0,(anonymous_4)
FNDA:0,(anonymous_5)
DA:7,0
DA:8,0
DA:10,0
DA:12,0
DA:19,0
DA:26,0
DA:27,0
DA:36,0
DA:42,0
DA:53,0
DA:55,0
DA:79,0
DA:85,0
LF:13
LH:0
BRDA:10,0,0,0
BRDA:36,1,0,0
BRDA:36,1,1,0
BRDA:57,2,0,0
BRDA:57,2,1,0
BRDA:62,3,0,0
BRDA:62,3,1,0
BRDA:68,4,0,0
BRDA:68,4,1,0
BRDA:71,5,0,0
BRDA:71,5,1,0
BRDA:85,6,0,0
BRDA:85,6,1,0
BRDA:90,7,0,0
BRDA:90,7,1,0
BRDA:91,8,0,0
BRDA:91,8,1,0
BRDA:92,9,0,0
BRDA:92,9,1,0
BRDA:93,10,0,0
BRDA:93,10,1,0
BRDA:107,11,0,0
BRDA:107,11,1,0
BRDA:113,12,0,0
BRDA:113,12,1,0
BRDA:120,13,0,0
BRDA:120,13,1,0
BRDA:131,14,0,0
BRDA:131,14,1,0
BRDA:148,15,0,0
BRDA:148,15,1,0
BRDA:154,16,0,0
BRDA:154,16,1,0
BRDA:164,17,0,0
BRDA:164,17,1,0
BRDA:164,17,2,0
BRF:36
BRH:0
end_of_record
TN:
SF:src\pages\NovaOcorrencia.tsx
FN:17,NovaOcorrencia
FN:33,(anonymous_1)
FN:46,(anonymous_2)
FN:113,(anonymous_3)
FN:117,(anonymous_4)
FN:141,(anonymous_5)
FN:153,(anonymous_6)
FN:165,(anonymous_7)
FN:183,(anonymous_8)
FN:197,(anonymous_9)
FN:209,(anonymous_10)
FNF:11
FNH:0
FNDA:0,NovaOcorrencia
FNDA:0,(anonymous_1)
FNDA:0,(anonymous_2)
FNDA:0,(anonymous_3)
FNDA:0,(anonymous_4)
FNDA:0,(anonymous_5)
FNDA:0,(anonymous_6)
FNDA:0,(anonymous_7)
FNDA:0,(anonymous_8)
FNDA:0,(anonymous_9)
FNDA:0,(anonymous_10)
DA:9,0
DA:18,0
DA:19,0
DA:20,0
DA:22,0
DA:29,0
DA:30,0
DA:31,0
DA:33,0
DA:34,0
DA:35,0
DA:37,0
DA:38,0
DA:39,0
DA:41,0
DA:42,0
DA:46,0
DA:47,0
DA:48,0
DA:49,0
DA:50,0
DA:53,0
DA:54,0
DA:56,0
DA:57,0
DA:59,0
DA:60,0
DA:61,0
DA:62,0
DA:64,0
DA:68,0
DA:70,0
DA:71,0
DA:74,0
DA:85,0
DA:87,0
DA:88,0
DA:91,0
DA:92,0
DA:94,0
DA:98,0
DA:100,0
DA:114,0
DA:117,0
DA:141,0
DA:153,0
DA:165,0
DA:183,0
DA:197,0
DA:209,0
LF:50
LH:0
BRDA:34,0,0,0
BRDA:34,0,1,0
BRDA:34,1,0,0
BRDA:34,1,1,0
BRDA:37,2,0,0
BRDA:37,2,1,0
BRDA:48,3,0,0
BRDA:48,3,1,0
BRDA:48,4,0,0
[...]
FN:24,(anonymous_1)
FN:44,(anonymous_2)
FN:80,(anonymous_3)
FN:92,(anonymous_4)
FN:108,(anonymous_5)
FN:134,(anonymous_6)
FN:135,(anonymous_7)
FN:144,(anonymous_8)
FN:152,(anonymous_9)
FN:225,(anonymous_10)
FN:234,(anonymous_11)
FN:251,(anonymous_12)
FNF:13
FNH:0
FNDA:0,FinanceiroImport
FNDA:0,(anonymous_1)
FNDA:0,(anonymous_2)
FNDA:0,(anonymous_3)
FNDA:0,(anonymous_4)
FNDA:0,(anonymous_5)
FNDA:0,(anonymous_6)
FNDA:0,(anonymous_7)
FNDA:0,(anonymous_8)
FNDA:0,(anonymous_9)
FNDA:0,(anonymous_10)
FNDA:0,(anonymous_11)
FNDA:0,(anonymous_12)
DA:11,0
DA:14,0
DA:15,0
DA:16,0
DA:17,0
DA:19,0
DA:20,0
DA:21,0
DA:24,0
DA:25,0
DA:26,0
DA:27,0
DA:28,0
DA:29,0
DA:32,0
DA:33,0
DA:35,0
DA:37,0
DA:38,0
DA:39,0
DA:41,0
DA:42,0
DA:43,0
DA:44,0
DA:45,0
DA:49,0
DA:51,0
DA:55,0
DA:57,0
DA:58,0
DA:61,0
DA:66,0
DA:67,0
DA:70,0
DA:71,0
DA:73,0
DA:75,0
DA:80,0
DA:81,0
DA:82,0
DA:83,0
DA:86,0
DA:87,0
DA:89,0
DA:91,0
DA:92,0
DA:102,0
DA:103,0
DA:107,0
DA:108,0
DA:119,0
DA:120,0
DA:123,0
DA:124,0
DA:127,0
DA:128,0
DA:129,0
DA:134,0
DA:135,0
DA:137,0
DA:144,0
DA:152,0
DA:226,0
DA:235,0
DA:252,0
DA:253,0
LF:66
LH:0
BRDA:26,0,0,0
BRDA:26,0,1,0
BRDA:27,1,0,0
BRDA:27,1,1,0
BRDA:55,2,0,0
BRDA:55,2,1,0
BRDA:57,3,0,0
BRDA:57,3,1,0
BRDA:57,4,0,0
BRDA:57,4,1,0
BRDA:57,4,2,0
BRDA:62,5,0,0
BRDA:62,5,1,0
BRDA:63,6,0,0
BRDA:63,6,1,0
BRDA:71,7,0,0
BRDA:71,7,1,0
BRDA:75,8,0,0
BRDA:75,8,1,0
BRDA:81,9,0,0
BRDA:81,9,1,0
BRDA:81,10,0,0
BRDA:81,10,1,0
BRDA:91,11,0,0
BRDA:91,11,1,0
BRDA:96,12,0,0
BRDA:96,12,1,0
BRDA:103,13,0,0
BRDA:103,13,1,0
BRDA:107,14,0,0
BRDA:107,14,1,0
BRDA:111,15,0,0
BRDA:111,15,1,0
BRDA:120,16,0,0
BRDA:120,16,1,0
BRDA:134,17,0,0
BRDA:134,17,1,0
BRDA:135,18,0,0
BRDA:135,18,1,0
BRDA:149,19,0,0
BRDA:149,19,1,0
BRDA:152,20,0,0
BRDA:152,20,1,0
BRDA:153,21,0,0
BRDA:153,21,1,0
BRDA:155,22,0,0
BRDA:155,22,1,0
BRDA:182,23,0,0
BRDA:182,23,1,0
BRDA:264,24,0,0
BRDA:264,24,1,0
BRF:51
BRH:0
end_of_record
TN:
SF:src\pages\admin\FinanceiroManagement.tsx
FN:27,FinanceiroManagement
FN:53,(anonymous_1)
FN:60,loadDespesas
FN:78,handleDelete
FN:83,(anonymous_4)
FN:83,(anonymous_5)
FN:90,handleSubmitNew
FN:122,(anonymous_7)
FN:167,(anonymous_8)
FN:176,(anonymous_9)
FN:190,(anonymous_10)
FN:216,(anonymous_11)
FN:217,(anonymous_12)
FN:229,(anonymous_13)
FN:236,(anonymous_14)
FN:252,(anonymous_15)
FN:269,(anonymous_16)
FN:284,(anonymous_17)
FN:297,(anonymous_18)
FN:301,(anonymous_19)
FN:306,(anonymous_20)
FN:310,(anonymous_21)
FN:315,(anonymous_22)
FN:316,(anonymous_23)
FN:320,(anonymous_24)
FN:324,(anonymous_25)
FN:333,(anonymous_26)
FN:343,(anonymous_27)
FN:385,(anonymous_28)
FN:388,(anonymous_29)
FN:396,(anonymous_30)
FNF:31
FNH:0
FNDA:0,FinanceiroManagement
FNDA:0,(anonymous_1)
FNDA:0,loadDespesas
FNDA:0,handleDelete
FNDA:0,(anonymous_4)
FNDA:0,(anonymous_5)
FNDA:0,handleSubmitNew
FNDA:0,(anonymous_7)
FNDA:0,(anonymous_8)
FNDA:0,(anonymous_9)
FNDA:0,(anonymous_10)
FNDA:0,(anonymous_11)
FNDA:0,(anonymous_12)
FNDA:0,(anonymous_13)
FNDA:0,(anonymous_14)
FNDA:0,(anonymous_15)
FNDA:0,(anonymous_16)
FNDA:0,(anonymous_17)
FNDA:0,(anonymous_18)
FNDA:0,(anonymous_19)
FNDA:0,(anonymous_20)
FNDA:0,(anonymous_21)
FNDA:0,(anonymous_22)
FNDA:0,(anonymous_23)
FNDA:0,(anonymous_24)
FNDA:0,(anonymous_25)
FNDA:0,(anonymous_26)
FNDA:0,(anonymous_27)
FNDA:0,(anonymous_28)
FNDA:0,(anonymous_29)
FNDA:0,(anonymous_30)
DA:23,0
DA:28,0
DA:29,0
DA:32,0
DA:33,0
DA:36,0
DA:37,0
DA:38,0
DA:47,0
DA:48,0
DA:49,0
DA:50,0
DA:51,0
DA:53,0
DA:54,0
DA:55,0
DA:61,0
DA:62,0
DA:63,0
DA:69,0
DA:70,0
DA:72,0
DA:74,0
DA:79,0
DA:80,0
DA:81,0
DA:82,0
DA:83,0
DA:84,0
DA:86,0
DA:91,0
DA:92,0
DA:94,0
DA:95,0
DA:96,0
DA:106,0
DA:108,0
DA:109,0
DA:110,0
DA:111,0
DA:114,0
DA:116,0
DA:122,0
DA:123,0
DA:124,0
DA:125,0
DA:126,0
DA:127,0
DA:130,0
DA:131,0
DA:133,0
DA:135,0
DA:138,0
DA:140,0
DA:144,0
DA:146,0
DA:147,0
DA:150,0
DA:155,0
DA:156,0
DA:159,0
DA:160,0
DA:162,0
DA:163,0
DA:167,0
DA:168,0
DA:170,0
DA:171,0
DA:173,0
DA:175,0
DA:176,0
DA:185,0
DA:189,0
DA:190,0
DA:200,0
DA:203,0
DA:204,0
DA:205,0
DA:206,0
DA:207,0
DA:210,0
DA:211,0
DA:216,0
DA:217,0
DA:219,0
DA:229,0
DA:236,0
DA:252,0
DA:270,0
DA:284,0
DA:297,0
DA:301,0
DA:306,0
DA:310,0
DA:315,0
DA:316,0
DA:320,0
DA:324,0
DA:334,0
DA:335,0
DA:336,0
DA:343,0
DA:386,0
DA:389,0
DA:396,0
LF:105
LH:0
BRDA:54,0,0,0
BRDA:54,0,1,0
BRDA:69,1,0,0
BRDA:69,1,1,0
BRDA:70,2,0,0
BRDA:70,2,1,0
BRDA:79,3,0,0
BRDA:79,3,1,0
BRDA:82,4,0,0
BRDA:82,4,1,0
BRDA:92,5,0,0
BRDA:92,5,1,0
BRDA:92,6,0,0
BRDA:92,6,1,0
BRDA:101,7,0,0
BRDA:101,7,1,0
BRDA:106,8,0,0
BRDA:106,8,1,0
BRDA:124,9,0,0
BRDA:124,9,1,0
BRDA:125,10,0,0
BRDA:125,10,1,0
BRDA:144,11,0,0
BRDA:144,11,1,0
BRDA:146,12,0,0
BRDA:146,12,1,0
BRDA:146,13,0,0
BRDA:146,13,1,0
BRDA:146,13,2,0
BRDA:151,14,0,0
BRDA:151,14,1,0
BRDA:152,15,0,0
BRDA:152,15,1,0
BRDA:163,16,0,0
BRDA:163,16,1,0
BRDA:168,17,0,0
BRDA:168,17,1,0
BRDA:168,18,0,0
BRDA:168,18,1,0
BRDA:175,19,0,0
BRDA:175,19,1,0
BRDA:180,20,0,0
BRDA:180,20,1,0
BRDA:189,21,0,0
BRDA:189,21,1,0
BRDA:193,22,0,0
BRDA:193,22,1,0
BRDA:216,23,0,0
BRDA:216,23,1,0
BRDA:217,24,0,0
BRDA:217,24,1,0
BRDA:245,25,0,0
BRDA:245,25,1,0
BRDA:247,26,0,0
BRDA:247,26,1,0
BRDA:270,27,0,0
BRDA:270,27,1,0
BRDA:273,28,0,0
BRDA:273,28,1,0
BRDA:279,29,0,0
BRDA:279,29,1,0
BRDA:280,30,0,0
BRDA:280,30,1,0
BRDA:325,31,0,0
BRDA:325,31,1,0
BRDA:340,32,0,0
BRDA:340,32,1,0
BRDA:343,33,0,0
BRDA:343,33,1,0
BRDA:344,34,0,0
BRDA:344,34,1,0
BRDA:346,35,0,0
BRDA:346,35,1,0
BRDA:364,36,0,0
BRDA:364,36,1,0
BRDA:398,37,0,0
BRDA:398,37,1,0
BRF:77
BRH:0
end_of_record
TN:
SF:src\pages\admin\KnowledgeBaseManagement.tsx
FN:26,KnowledgeBaseManagement
FN:39,(anonymous_1)
FN:45,loadDocuments
FN:65,(anonymous_3)
FN:85,(anonymous_4)
FN:85,(anonymous_5)
FN:93,(anonymous_6)
FN:97,(anonymous_7)
FN:102,(anonymous_8)
FN:112,(anonymous_9)
FN:127,(anonymous_10)
FN:134,(anonymous_11)
FN:134,(anonymous_12)
FN:144,(anonymous_13)
FN:149,(anonymous_14)
FN:150,(anonymous_15)
FN:152,(anonymous_16)
FN:152,(anonymous_17)
FN:165,(anonymous_18)
FN:182,(anonymous_19)
FN:190,(anonymous_20)
FN:204,(anonymous_21)
FN:240,(anonymous_22)
FN:247,(anonymous_23)
FN:277,(anonymous_24)
FN:287,(anonymous_25)
FN:304,(anonymous_26)
FN:312,(anonymous_27)
FN:320,(anonymous_28)
FN:331,(anonymous_29)
FNF:30
FNH:0
FNDA:0,KnowledgeBaseManagement
FNDA:0,(anonymous_1)
FNDA:0,loadDocuments
FNDA:0,(anonymous_3)
FNDA:0,(anonymous_4)
FNDA:0,(anonymous_5)
FNDA:0,(anonymous_6)
FNDA:0,(anonymous_7)
FNDA:0,(anonymous_8)
FNDA:0,(anonymous_9)
FNDA:0,(anonymous_10)
FNDA:0,(anonymous_11)
FNDA:0,(anonymous_12)
FNDA:0,(anonymous_13)
FNDA:0,(anonymous_14)
FNDA:0,(anonymous_15)
FNDA:0,(anonymous_16)
FNDA:0,(anonymous_17)
FNDA:0,(anonymous_18)
FNDA:0,(anonymous_19)
FNDA:0,(anonymous_20)
FNDA:0,(anonymous_21)
FNDA:0,(anonymous_22)
FNDA:0,(anonymous_23)
FNDA:0,(anonymous_24)
FNDA:0,(anonymous_25)
FNDA:0,(anonymous_26)
FNDA:0,(anonymous_27)
FNDA:0,(anonymous_28)
FNDA:0,(anonymous_29)
DA:27,0
DA:28,0
DA:30,0
DA:31,0
DA:32,0
DA:33,0
DA:34,0
DA:36,0
DA:37,0
DA:39,0
DA:40,0
DA:41,0
DA:46,0
DA:47,0
DA:48,0
DA:54,0
DA:55,0
DA:56,0
DA:58,0
DA:59,0
DA:61,0
DA:65,0
DA:66,0
DA:67,0
DA:68,0
DA:72,0
DA:74,0
DA:75,0
DA:78,0
DA:83,0
DA:85,0
DA:86,0
DA:88,0
DA:89,0
DA:93,0
DA:94,0
DA:95,0
DA:97,0
DA:98,0
DA:102,0
DA:103,0
DA:104,0
DA:105,0
DA:107,0
DA:109,0
DA:112,0
DA:113,0
DA:114,0
DA:115,0
DA:117,0
DA:118,0
DA:119,0
DA:123,0
DA:124,0
DA:127,0
DA:128,0
DA:129,0
DA:130,0
DA:132,0
DA:133,0
DA:134,0
DA:135,0
DA:136,0
DA:138,0
DA:140,0
DA:144,0
DA:145,0
DA:146,0
DA:148,0
DA:149,0
DA:150,0
DA:152,0
DA:153,0
DA:154,0
DA:156,0
DA:158,0
DA:159,0
DA:161,0
DA:165,0
DA:166,0
DA:170,0
DA:182,0
DA:190,0
DA:204,0
DA:241,0
DA:247,0
DA:277,0
DA:287,0
DA:304,0
DA:312,0
DA:320,0
DA:331,0
LF:92
LH:0
BRDA:40,0,0,0
BRDA:40,0,1,0
BRDA:54,1,0,0
BRDA:54,1,1,0
BRDA:55,2,0,0
BRDA:55,2,1,0
BRDA:72,3,0,0
BRDA:72,3,1,0
BRDA:74,4,0,0
BRDA:74,4,1,0
BRDA:74,5,0,0
BRDA:74,5,1,0
BRDA:83,6,0,0
BRDA:83,6,1,0
BRDA:85,7,0,0
BRDA:85,7,1,0
BRDA:89,8,0,0
BRDA:89,8,1,0
BRDA:94,9,0,0
BRDA:94,9,1,0
BRDA:94,10,0,0
BRDA:94,10,1,0
BRDA:104,11,0,0
BRDA:104,11,1,0
BRDA:113,12,0,0
BRDA:113,12,1,0
BRDA:113,13,0,0
BRDA:113,13,1,0
BRDA:117,14,0,0
BRDA:117,14,1,0
BRDA:117,15,0,0
BRDA:117,15,1,0
BRDA:124,16,0,0
BRDA:124,16,1,0
BRDA:128,17,0,0
BRDA:128,17,1,0
BRDA:166,18,0,0
BRDA:166,18,1,0
BRDA:188,19,0,0
BRDA:188,19,1,0
BRDA:211,20,0,0
BRDA:211,20,1,0
BRDA:213,21,0,0
BRDA:213,21,1,0
BRDA:217,22,0,0
BRDA:217,22,1,0
BRDA:229,23,0,0
BRDA:229,23,1,0
BRDA:241,24,0,0
BRDA:241,24,1,0
BRDA:252,25,0,0
BRDA:252,25,1,0
BRDA:260,26,0,0
BRDA:260,26,1,0
BRDA:271,27,0,0
BRDA:271,27,1,0
BRDA:313,28,0,0
BRDA:313,28,1,0
BRDA:332,29,0,0
BRDA:332,29,1,0
BRF:60
BRH:0
end_of_record
TN:
SF:src\pages\admin\MarketplaceManagement.tsx
FN:21,MarketplaceManagement
FN:34,(anonymous_1)
FN:38,loadAds
FN:56,handleToggleActive
FN:64,(anonymous_4)
FN:64,(anonymous_5)
FN:71,handleDelete
FN:75,(anonymous_7)
FN:75,(anonymous_8)
FN:82,handleSubmit
FN:138,(anonymous_10)
FN:151,(anonymous_11)
FN:186,(anonymous_12)
FN:195,(anonymous_13)
FN:209,(anonymous_14)
FN:218,(anonymous_15)
FN:223,(anonymous_16)
FN:228,(anonymous_17)
FN:231,(anonymous_18)
FNF:19
FNH:0
FNDA:0,MarketplaceManagement
FNDA:0,(anonymous_1)
FNDA:0,loadAds
FNDA:0,handleToggleActive
FNDA:0,(anonymous_4)
FNDA:0,(anonymous_5)
FNDA:0,handleDelete
FNDA:0,(anonymous_7)
FNDA:0,(anonymous_8)
FNDA:0,handleSubmit
FNDA:0,(anonymous_10)
FNDA:0,(anonymous_11)
FNDA:0,(anonymous_12)
FNDA:0,(anonymous_13)
FNDA:0,(anonymous_14)
FNDA:0,(anonymous_15)
FNDA:0,(anonymous_16)
FNDA:0,(anonymous_17)
FNDA:0,(anonymous_18)
DA:22,0
DA:24,0
DA:25,0
DA:26,0
DA:27,0
DA:29,0
DA:30,0
DA:31,0
DA:32,0
DA:34,0
DA:35,0
DA:39,0
DA:40,0
DA:41,0
DA:46,0
DA:47,0
DA:49,0
DA:50,0
DA:52,0
DA:57,0
DA:58,0
DA:63,0
DA:64,0
DA:65,0
DA:67,0
DA:72,0
DA:73,0
DA:74,0
DA:75,0
DA:76,0
DA:78,0
DA:83,0
DA:84,0
DA:85,0
DA:86,0
DA:89,0
DA:90,0
DA:92,0
DA:93,0
DA:94,0
DA:96,0
DA:100,0
DA:102,0
DA:106,0
DA:113,0
DA:115,0
DA:116,0
DA:117,0
DA:118,0
DA:119,0
DA:120,0
DA:123,0
DA:124,0
DA:126,0
DA:130,0
DA:138,0
DA:152,0
DA:186,0
DA:195,0
DA:209,0
DA:218,0
DA:223,0
DA:228,0
DA:231,0
LF:64
LH:0
BRDA:46,0,0,0
BRDA:46,0,1,0
BRDA:47,1,0,0
BRDA:47,1,1,0
BRDA:63,2,0,0
BRDA:63,2,1,0
BRDA:64,3,0,0
BRDA:64,3,1,0
BRDA:65,4,0,0
BRDA:65,4,1,0
BRDA:72,5,0,0
BRDA:72,5,1,0
BRDA:84,6,0,0
BRDA:84,6,1,0
BRDA:84,7,0,0
BRDA:84,7,1,0
BRDA:100,8,0,0
BRDA:100,8,1,0
BRDA:113,9,0,0
BRDA:113,9,1,0
BRDA:145,10,0,0
BRDA:145,10,1,0
BRDA:147,11,0,0
BRDA:147,11,1,0
BRDA:152,12,0,0
BRDA:152,12,1,0
BRDA:155,13,0,0
BRDA:155,13,1,0
BRDA:165,14,0,0
BRDA:165,14,1,0
BRDA:169,15,0,0
BRDA:169,15,1,0
BRDA:184,16,0,0
BRDA:184,16,1,0
BRDA:187,17,0,0
BRDA:187,17,1,0
BRDA:188,18,0,0
BRDA:188,18,1,0
BRDA:190,19,0,0
BRDA:190,19,1,0
BRDA:230,20,0,0
BRDA:230,20,1,0
BRDA:231,21,0,0
BRDA:231,21,1,0
BRDA:236,22,0,0
BRDA:236,22,1,0
BRF:46
BRH:0
end_of_record
TN:
SF:src\pages\admin\OcorrenciasManagement.tsx
FN:36,OcorrenciasManagement
FN:53,(anonymous_1)
FN:59,loadOcorrencias
FN:77,(anonymous_3)
FN:90,openDetails
FN:100,handleSaveUpdate
FN:119,(anonymous_6)
FN:119,(anonymous_7)
FN:136,(anonymous_8)
FN:149,(anonymous_9)
FN:153,(anonymous_10)
FN:166,(anonymous_11)
FN:169,(anonymous_12)
FN:183,(anonymous_13)
FN:184,(anonymous_14)
FN:184,(anonymous_15)
FN:185,(anonymous_16)
FN:214,(anonymous_17)
FN:243,(anonymous_18)
FN:246,(anonymous_19)
FN:262,(anonymous_20)
FN:276,(anonymous_21)
FN:283,(anonymous_22)
FNF:23
FNH:0
FNDA:0,OcorrenciasManagement
FNDA:0,(anonymous_1)
FNDA:0,loadOcorrencias
FNDA:0,(anonymous_3)
FNDA:0,openDetails
FNDA:0,handleSaveUpdate
FNDA:0,(anonymous_6)
FNDA:0,(anonymous_7)
FNDA:0,(anonymous_8)
FNDA:0,(anonymous_9)
FNDA:0,(anonymous_10)
FNDA:0,(anonymous_11)
FNDA:0,(anonymous_12)
FNDA:0,(anonymous_13)
FNDA:0,(anonymous_14)
FNDA:0,(anonymous_15)
FNDA:0,(anonymous_16)
FNDA:0,(anonymous_17)
FNDA:0,(anonymous_18)
FNDA:0,(anonymous_19)
FNDA:0,(anonymous_20)
FNDA:0,(anonymous_21)
FNDA:0,(anonymous_22)
DA:28,0
DA:37,0
DA:39,0
DA:40,0
DA:41,0
DA:43,0
DA:44,0
DA:45,0
DA:47,0
DA:53,0
DA:54,0
DA:55,0
DA:60,0
DA:61,0
DA:62,0
DA:75,0
DA:77,0
DA:82,0
DA:84,0
DA:86,0
DA:91,0
DA:92,0
DA:97,0
DA:101,0
DA:102,0
DA:104,0
DA:105,0
DA:106,0
DA:112,0
DA:117,0
DA:119,0
DA:120,0
DA:125,0
DA:126,0
DA:128,0
DA:130,0
DA:134,0
DA:136,0
DA:138,0
DA:149,0
DA:154,0
DA:167,0
DA:169,0
DA:183,0
DA:184,0
DA:185,0
DA:214,0
DA:243,0
DA:247,0
DA:262,0
DA:276,0
DA:283,0
LF:52
LH:0
BRDA:54,0,0,0
BRDA:54,0,1,0
BRDA:75,1,0,0
BRDA:75,1,1,0
BRDA:77,2,0,0
BRDA:77,2,1,0
BRDA:79,3,0,0
BRDA:79,3,1,0
BRDA:94,4,0,0
BRDA:94,4,1,0
BRDA:95,5,0,0
BRDA:95,5,1,0
BRDA:102,6,0,0
BRDA:102,6,1,0
BRDA:117,7,0,0
BRDA:117,7,1,0
BRDA:120,8,0,0
BRDA:120,8,1,0
BRDA:134,9,0,0
BRDA:134,9,1,0
BRDA:160,10,0,0
BRDA:160,10,1,0
BRDA:162,11,0,0
BRDA:162,11,1,0
BRDA:173,12,0,0
BRDA:173,12,1,0
BRDA:183,13,0,0
BRDA:183,13,1,0
BRDA:184,14,0,0
BRDA:184,14,1,0
BRDA:184,15,0,0
BRDA:184,15,1,0
BRDA:185,16,0,0
BRDA:185,16,1,0
BRDA:194,17,0,0
BRDA:194,17,1,0
BRDA:197,18,0,0
BRDA:197,18,1,0
BRDA:217,19,0,0
BRDA:217,19,1,0
BRDA:228,20,0,0
BRDA:228,20,1,0
BRDA:293,21,0,0
BRDA:293,21,1,0
BRF:44
BRH:0
end_of_record
TN:
SF:src\pages\admin\UserManagement.tsx
FN:30,UserManagement
FN:43,(anonymous_1)
FN:49,loadUsers
FN:67,handleApprove
FN:79,(anonymous_4)
FN:79,(anonymous_5)
FN:89,handleDeleteUser
FN:105,(anonymous_7)
FN:105,(anonymous_8)
FN:114,(anonymous_9)
FN:114,(anonymous_10)
FN:127,openEditModal
FN:137,handleSaveEdit
FN:162,(anonymous_13)
FN:162,(anonymous_14)
FN:174,(anonymous_15)
FN:189,(anonymous_16)
FN:190,(anonymous_17)
FN:192,(anonymous_18)
FN:193,(anonymous_19)
FN:215,(anonymous_20)
FN:236,(anonymous_21)
FN:245,(anonymous_22)
FN:258,(anonymous_23)
FN:260,(anonymous_24)
FN:280,(anonymous_25)
FN:286,(anonymous_26)
FN:291,(anonymous_27)
FN:295,(anonymous_28)
FN:303,(anonymous_29)
FN:305,(anonymous_30)
FN:313,(anonymous_31)
FNF:32
FNH:0
FNDA:0,UserManagement
FNDA:0,(anonymous_1)
FNDA:0,loadUsers
FNDA:0,handleApprove
FNDA:0,(anonymous_4)
FNDA:0,(anonymous_5)
FNDA:0,handleDeleteUser
FNDA:0,(anonymous_7)
FNDA:0,(anonymous_8)
FNDA:0,(anonymous_9)
FNDA:0,(anonymous_10)
FNDA:0,openEditModal
FNDA:0,handleSaveEdit
FNDA:0,(anonymous_13)
FNDA:0,(anonymous_14)
FNDA:0,(anonymous_15)
FNDA:0,(anonymous_16)
FNDA:0,(anonymous_17)
FNDA:0,(anonymous_18)
FNDA:0,(anonymous_19)
FNDA:0,(anonymous_20)
FNDA:0,(anonymous_21)
FNDA:0,(anonymous_22)
FNDA:0,(anonymous_23)
FNDA:0,(anonymous_24)
FNDA:0,(anonymous_25)
FNDA:0,(anonymous_26)
FNDA:0,(anonymous_27)
FNDA:0,(anonymous_28)
FNDA:0,(anonymous_29)
FNDA:0,(anonymous_30)
FNDA:0,(anonymous_31)
DA:21,0
DA:31,0
DA:32,0
DA:34,0
DA:35,0
DA:36,0
DA:37,0
DA:38,0
DA:40,0
DA:41,0
DA:43,0
DA:44,0
DA:45,0
DA:50,0
DA:51,0
DA:52,0
DA:58,0
DA:59,0
DA:61,0
DA:63,0
DA:68,0
DA:69,0
DA:70,0
DA:72,0
DA:73,0
DA:78,0
DA:79,0
DA:80,0
DA:82,0
DA:84,0
DA:90,0
DA:92,0
DA:93,0
DA:95,0
DA:97,0
DA:101,0
DA:102,0
DA:105,0
DA:106,0
DA:109,0
DA:111,0
DA:112,0
DA:113,0
DA:114,0
DA:115,0
DA:117,0
DA:120,0
DA:123,0
DA:128,0
DA:129,0
DA:130,0
DA:132,0
DA:133,0
DA:138,0
DA:139,0
DA:141,0
DA:142,0
DA:143,0
DA:146,0
DA:147,0
DA:149,0
DA:150,0
DA:160,0
DA:162,0
DA:163,0
DA:164,0
DA:165,0
DA:168,0
DA:170,0
DA:174,0
DA:175,0
DA:176,0
DA:177,0
DA:180,0
DA:189,0
DA:190,0
DA:192,0
DA:193,0
DA:216,0
DA:236,0
DA:245,0
DA:258,0
DA:260,0
DA:280,0
DA:286,0
DA:291,0
DA:295,0
DA:303,0
DA:306,0
DA:313,0
LF:90
LH:0
BRDA:44,0,0,0
BRDA:44,0,1,0
BRDA:58,1,0,0
BRDA:58,1,1,0
BRDA:59,2,0,0
BRDA:59,2,1,0
BRDA:68,3,0,0
BRDA:68,3,1,0
BRDA:78,4,0,0
BRDA:78,4,1,0
BRDA:79,5,0,0
BRDA:79,5,1,0
BRDA:90,6,0,0
BRDA:90,6,1,0
BRDA:101,7,0,0
BRDA:101,7,1,0
BRDA:102,8,0,0
BRDA:102,8,1,0
BRDA:111,9,0,0
BRDA:111,9,1,0
BRDA:113,10,0,0
BRDA:113,10,1,0
BRDA:128,11,0,0
BRDA:128,11,1,0
BRDA:128,12,0,0
BRDA:128,12,1,0
BRDA:139,13,0,0
BRDA:139,13,1,0
BRDA:139,14,0,0
BRDA:139,14,1,0
BRDA:141,15,0,0
BRDA:141,15,1,0
BRDA:141,16,0,0
BRDA:141,16,1,0
BRDA:160,17,0,0
BRDA:160,17,1,0
BRDA:162,18,0,0
BRDA:162,18,1,0
BRDA:175,19,0,0
BRDA:175,19,1,0
BRDA:176,20,0,0
BRDA:176,20,1,0
BRDA:189,21,0,0
BRDA:189,21,1,0
BRDA:192,22,0,0
BRDA:192,22,1,0
BRDA:198,23,0,0
BRDA:198,23,1,0
BRDA:200,24,0,0
BRDA:200,24,1,0
BRDA:201,25,0,0
BRDA:201,25,1,0
BRDA:201,26,0,0
BRDA:201,26,1,0
BRDA:222,27,0,0
BRDA:222,27,1,0
BRDA:226,28,0,0
BRDA:226,28,1,0
BRDA:227,29,0,0
BRDA:227,29,1,0
BRDA:229,30,0,0
BRDA:229,30,1,0
BRDA:233,31,0,0
BRDA:233,31,1,0
BRDA:249,32,0,0
BRDA:249,32,1,0
BRDA:254,33,0,0
BRDA:254,33,1,0
BRDA:254,34,0,0
BRDA:254,34,1,0
BRDA:281,35,0,0
BRDA:281,35,1,0
BRDA:295,36,0,0
BRDA:295,36,1,0
BRDA:306,37,0,0
BRDA:306,37,1,0
BRDA:306,38,0,0
BRDA:306,38,1,0
BRDA:314,39,0,0
BRDA:314,39,1,0
BRF:80
BRH:0
end_of_record
TN:
SF:src\pages\admin\VotacoesManagement.tsx
FN:21,VotacoesManagement
FN:37,(anonymous_1)
FN:43,loadVotacoes
FN:55,(anonymous_3)
FN:68,handleDelete
FN:73,(anonymous_5)
FN:73,(anonymous_6)
FN:79,(anonymous_7)
FN:80,(anonymous_8)
FN:86,(anonymous_9)
FN:87,(anonymous_10)
FN:89,(anonymous_11)
FN:93,(anonymous_12)
FN:94,(anonymous_13)
FN:96,(anonymous_14)
FN:100,handleSubmit
FN:108,(anonymous_16)
FN:152,(anonymous_17)
FN:165,(anonymous_18)
FN:187,(anonymous_19)
FN:200,(anonymous_20)
FN:214,(anonymous_21)
FN:226,(anonymous_22)
FN:238,(anonymous_23)
FN:249,(anonymous_24)
FN:259,(anonymous_25)
FN:267,(anonymous_26)
FN:272,(anonymous_27)
FN:286,(anonymous_28)
FNF:29
FNH:0
FNDA:0,VotacoesManagement
FNDA:0,(anonymous_1)
FNDA:0,loadVotacoes
FNDA:0,(anonymous_3)
FNDA:0,handleDelete
FNDA:0,(anonymous_5)
FNDA:0,(anonymous_6)
FNDA:0,(anonymous_7)
FNDA:0,(anonymous_8)
FNDA:0,(anonymous_9)
FNDA:0,(anonymous_10)
FNDA:0,(anonymous_11)
FNDA:0,(anonymous_12)
FNDA:0,(anonymous_13)
FNDA:0,(anonymous_14)
FNDA:0,handleSubmit
FNDA:0,(anonymous_16)
FNDA:0,(anonymous_17)
FNDA:0,(anonymous_18)
FNDA:0,(anonymous_19)
FNDA:0,(anonymous_20)
FNDA:0,(anonymous_21)
FNDA:0,(anonymous_22)
FNDA:0,(anonymous_23)
FNDA:0,(anonymous_24)
FNDA:0,(anonymous_25)
FNDA:0,(anonymous_26)
FNDA:0,(anonymous_27)
FNDA:0,(anonymous_28)
DA:22,0
DA:23,0
DA:25,0
DA:26,0
DA:27,0
DA:28,0
DA:30,0
DA:37,0
DA:38,0
DA:39,0
DA:44,0
DA:45,0
DA:46,0
DA:52,0
DA:54,0
DA:55,0
DA:60,0
DA:62,0
DA:64,0
DA:69,0
DA:70,0
DA:71,0
DA:72,0
DA:73,0
DA:75,0
DA:79,0
DA:80,0
DA:86,0
DA:87,0
DA:89,0
DA:93,0
DA:94,0
DA:96,0
DA:101,0
DA:102,0
DA:104,0
DA:105,0
DA:106,0
DA:108,0
DA:109,0
DA:110,0
DA:113,0
DA:114,0
DA:115,0
DA:125,0
DA:127,0
DA:128,0
DA:129,0
DA:135,0
DA:138,0
DA:140,0
DA:144,0
DA:152,0
DA:166,0
DA:187,0
DA:201,0
DA:214,0
DA:226,0
DA:238,0
DA:249,0
DA:260,0
DA:267,0
DA:272,0
DA:286,0
LF:64
LH:0
BRDA:38,0,0,0
BRDA:38,0,1,0
BRDA:52,1,0,0
BRDA:52,1,1,0
BRDA:55,2,0,0
BRDA:55,2,1,0
BRDA:57,3,0,0
BRDA:57,3,1,0
BRDA:69,4,0,0
BRDA:69,4,1,0
BRDA:72,5,0,0
BRDA:72,5,1,0
BRDA:96,6,0,0
BRDA:96,6,1,0
BRDA:102,7,0,0
BRDA:102,7,1,0
BRDA:102,8,0,0
BRDA:102,8,1,0
BRDA:104,9,0,0
BRDA:104,9,1,0
BRDA:108,10,0,0
BRDA:108,10,1,0
BRDA:125,11,0,0
BRDA:125,11,1,0
BRDA:159,12,0,0
BRDA:159,12,1,0
BRDA:161,13,0,0
BRDA:161,13,1,0
BRDA:166,14,0,0
BRDA:166,14,1,0
BRDA:170,15,0,0
BRDA:170,15,1,0
BRDA:200,16,0,0
BRDA:200,16,1,0
BRDA:269,17,0,0
BRDA:269,17,1,0
BRDA:296,18,0,0
BRDA:296,18,1,0
BRF:38
BRH:0
end_of_record
TN:
SF:src\stories\Button.stories.ts
FNF:0
FNH:0
DA:8,0
DA:29,0
DA:36,0
DA:42,0
DA:49,0
LF:5
LH:0
BRF:0
BRH:0
end_of_record
TN:
SF:src\stories\Button.tsx
FN:19,(anonymous_0)
FNF:1
FNH:0
FNDA:0,(anonymous_0)
DA:19,0
DA:26,0
DA:27,0
LF:3
LH:0
BRDA:20,0,0,0
BRDA:21,1,0,0
BRDA:26,2,0,0
BRDA:26,2,1,0
BRF:4
BRH:0
end_of_record
TN:
SF:src\stories\Header.stories.ts
FNF:0
FNH:0
DA:7,0
DA:26,0
DA:34,0
LF:3
LH:0
BRF:0
BRH:0
end_of_record
TN:
SF:src\stories\Header.tsx
FN:17,(anonymous_0)
FNF:1
FNH:0
FNDA:0,(anonymous_0)
DA:17,0
DA:18,0
LF:2
LH:0
BRDA:40,0,0,0
BRDA:40,0,1,0
BRF:2
BRH:0
end_of_record
TN:
SF:src\stories\Page.stories.ts
FN:23,(anonymous_0)
FNF:1
FNH:0
FNDA:0,(anonymous_0)
DA:7,0
DA:19,0
DA:22,0
DA:24,0
DA:25,0
DA:26,0
DA:27,0
DA:28,0
DA:30,0
DA:31,0
LF:10
LH:0
BRF:0
BRH:0
end_of_record
TN:
SF:src\stories\Page.tsx
FN:10,(anonymous_0)
FN:17,(anonymous_1)
FN:18,(anonymous_2)
FN:19,(anonymous_3)
FNF:4
FNH:0
FNDA:0,(anonymous_0)
FNDA:0,(anonymous_1)
FNDA:0,(anonymous_2)
FNDA:0,(anonymous_3)
DA:10,0
DA:11,0
DA:13,0
DA:17,0
DA:18,0
DA:19,0
LF:6
LH:0
BRF:0
BRH:0
end_of_record
